\BOOKMARK [0][-]{title.0}{Titlepage}{}% 1
\BOOKMARK [1][-]{copyright.1}{Copyright}{title.0}% 2
\BOOKMARK [1][-]{dedication.1}{Dedication}{title.0}% 3
\BOOKMARK [1][-]{acknowledgements.1}{Acknowledgements}{title.0}% 4
\BOOKMARK [1][-]{vita.1}{Cirriculum Vitae}{title.0}% 5
\BOOKMARK [0][-]{toc.0}{Table of Contents}{}% 6
\BOOKMARK [0][-]{Tables.0}{List of Tables}{}% 7
\BOOKMARK [0][-]{Figures.0}{List of Figures}{}% 8
\BOOKMARK [0][-]{Algorithms.0}{List of Algorithms}{}% 9
\BOOKMARK [0][-]{abstract.0}{Abstract}{}% 10
\BOOKMARK [0][-]{chapter.1}{Chapter 1 \204 Introduction}{}% 11
\BOOKMARK [1][-]{section*.11}{Section}{chapter.1}% 12
\BOOKMARK [0][-]{chapter.2}{Chapter 2 \204 Modeling a propagating sawtooth flare ribbon structure as a tearing mode in the presence of velocity shear}{}% 13
\BOOKMARK [1][-]{section*.14}{Abstract}{chapter.2}% 14
\BOOKMARK [1][-]{section*.15}{Introduction}{chapter.2}% 15
\BOOKMARK [1][-]{section*.18}{Linear Tearing Mode Instability with Shear Flow}{chapter.2}% 16
\BOOKMARK [1][-]{section*.21}{Modeling Observations}{chapter.2}% 17
\BOOKMARK [1][-]{section*.30}{Discussions and Conclusions}{chapter.2}% 18
\BOOKMARK [0][-]{chapter.3}{Chapter 3 \204 Determining the Spectral Content of MOSES Images}{}% 19
\BOOKMARK [1][-]{section*.31}{Abstract}{chapter.3}% 20
\BOOKMARK [1][-]{section*.32}{Introduction}{chapter.3}% 21
\BOOKMARK [1][-]{section*.34}{Data}{chapter.3}% 22
\BOOKMARK [1][-]{section*.40}{Methods}{chapter.3}% 23
\BOOKMARK [1][-]{section*.50}{Results}{chapter.3}% 24
\BOOKMARK [1][-]{section*.51}{Discussions and Conclusions}{chapter.3}% 25
\BOOKMARK [1][-]{section*.52}{Acronyms}{chapter.3}% 26
\BOOKMARK [0][-]{chapter.4}{Chapter 4 \204 First Flight of the EUV Snapshot Imaging Spectrometer \(ESIS\)}{}% 27
\BOOKMARK [1][-]{section*.53}{Abstract}{chapter.4}% 28
\BOOKMARK [1][-]{section*.54}{Introduction}{chapter.4}% 29
\BOOKMARK [1][-]{section*.55}{Instrument Background}{chapter.4}% 30
\BOOKMARK [1][-]{section*.56}{Coordinated Observations}{chapter.4}% 31
\BOOKMARK [1][-]{section*.62}{ESIS Level 3 Data}{chapter.4}% 32
\BOOKMARK [1][-]{section*.63}{Mini Filament Eruption}{chapter.4}% 33
\BOOKMARK [1][-]{section*.67}{Discussion and Conclusions}{chapter.4}% 34
\BOOKMARK [0][-]{chapter.5}{Chapter 5 \204 Conclusion}{}% 35
\BOOKMARK [0][-]{section*.68}{References Cited}{}% 36
\BOOKMARK [0][-]{appendix.A}{APPENDIX: \040Alignment and Focus of the ESIS Optical System}{}% 37
\BOOKMARK [1][-]{section*.71}{ESIS Primary Radius of Curvature}{appendix.A}% 38
