This is pdfTeX, Version 3.14159265-2.6-1.40.16 (TeX Live 2015/Debian) (preloaded format=pdflatex 2019.6.19)  24 FEB 2020 15:01
entering extended mode
 restricted \write18 enabled.
 %&-line parsing enabled.
**main.tex
(./main.tex
LaTeX2e <2016/02/01>
Babel <3.9q> and hyphenation patterns for 81 language(s) loaded.
(./MSUstyle.cls
Document Class: MSUstyle 2017/6/30 2.0 (Montana State Graduate School)
(/usr/share/texlive/texmf-dist/tex/latex/tools/calc.sty
Package: calc 2014/10/28 v4.3 Infix arithmetic (KKT,FJ)
\calc@Acount=\count79
\calc@Bcount=\count80
\calc@Adimen=\dimen102
\calc@Bdimen=\dimen103
\calc@Askip=\skip41
\calc@Bskip=\skip42
LaTeX Info: Redefining \setlength on input line 80.
LaTeX Info: Redefining \addtolength on input line 81.
\calc@Ccount=\count81
\calc@Cskip=\skip43
)
(/usr/share/texlive/texmf-dist/tex/latex/algorithms/algorithm.sty
Package: algorithm 2009/08/24 v0.1 Document Style `algorithm' - floating enviro
nment

(/usr/share/texlive/texmf-dist/tex/latex/float/float.sty
Package: float 2001/11/08 v1.3d Float enhancements (AL)
\c@float@type=\count82
\float@exts=\toks14
\float@box=\box26
\@float@everytoks=\toks15
\@floatcapt=\box27
)
(/usr/share/texlive/texmf-dist/tex/latex/base/ifthen.sty
Package: ifthen 2014/09/29 v1.1c Standard LaTeX ifthen package (DPC)
)
\@float@every@algorithm=\toks16
\c@algorithm=\count83
)
(/usr/share/texlive/texmf-dist/tex/latex/algorithms/algorithmic.sty
Package: algorithmic 2009/08/24 v0.1 Document Style `algorithmic'

(/usr/share/texlive/texmf-dist/tex/latex/graphics/keyval.sty
Package: keyval 2014/10/28 v1.15 key=value parser (DPC)
\KV@toks@=\toks17
)
\c@ALC@unique=\count84
\c@ALC@line=\count85
\c@ALC@rem=\count86
\c@ALC@depth=\count87
\ALC@tlm=\skip44
\algorithmicindent=\skip45
)
(/usr/share/texlive/texmf-dist/tex/latex/base/report.cls
Document Class: report 2014/09/29 v1.4h Standard LaTeX document class
(/usr/share/texlive/texmf-dist/tex/latex/base/size12.clo
File: size12.clo 2014/09/29 v1.4h Standard LaTeX file (size option)
)
\c@part=\count88
\c@chapter=\count89
\c@section=\count90
\c@subsection=\count91
\c@subsubsection=\count92
\c@paragraph=\count93
\c@subparagraph=\count94
\c@figure=\count95
\c@table=\count96
\abovecaptionskip=\skip46
\belowcaptionskip=\skip47
\bibindent=\dimen104
)
\newtop=\skip48

(/usr/share/texlive/texmf-dist/tex/latex/geometry/geometry.sty
Package: geometry 2010/09/12 v5.6 Page Geometry

(/usr/share/texlive/texmf-dist/tex/generic/oberdiek/ifpdf.sty
Package: ifpdf 2011/01/30 v2.3 Provides the ifpdf switch (HO)
Package ifpdf Info: pdfTeX in PDF mode is detected.
)
(/usr/share/texlive/texmf-dist/tex/generic/oberdiek/ifvtex.sty
Package: ifvtex 2010/03/01 v1.5 Detect VTeX and its facilities (HO)
Package ifvtex Info: VTeX not detected.
)
(/usr/share/texlive/texmf-dist/tex/generic/ifxetex/ifxetex.sty
Package: ifxetex 2010/09/12 v0.6 Provides ifxetex conditional
)
\Gm@cnth=\count97
\Gm@cntv=\count98
\c@Gm@tempcnt=\count99
\Gm@bindingoffset=\dimen105
\Gm@wd@mp=\dimen106
\Gm@odd@mp=\dimen107
\Gm@even@mp=\dimen108
\Gm@layoutwidth=\dimen109
\Gm@layoutheight=\dimen110
\Gm@layouthoffset=\dimen111
\Gm@layoutvoffset=\dimen112
\Gm@dimlist=\toks18
)
\prelheadsep=\skip49
\preltop=\skip50
\listheadsep=\skip51
\listtop=\skip52

(/usr/share/texlive/texmf-dist/tex/latex/setspace/setspace.sty
Package: setspace 2011/12/19 v6.7a set line spacing
)
\MT@tocentryskip@value=\skip53
\MT@beforepartskip@value=\skip54
\MT@beforechapskip@value=\skip55
\MT@beforesecskip@value=\skip56
\MT@beforesubsecskip@value=\skip57
\MT@beforesubsubsecskip@value=\skip58
\MT@beforeparaskip@value=\skip59
\MT@beforesubparaskip@value=\skip60
\MT@beforefigskip@value=\skip61
\MT@beforetableskip@value=\skip62
\MT@tmpa=\skip63

(/usr/share/texlive/texmf-dist/tex/latex/titlesec/titlesec.sty
Package: titlesec 2016/03/15 v2.10.1 Sectioning titles
\ttl@box=\box28
\beforetitleunit=\skip64
\aftertitleunit=\skip65
\ttl@plus=\dimen113
\ttl@minus=\dimen114
\ttl@toksa=\toks19
\titlewidth=\dimen115
\titlewidthlast=\dimen116
\titlewidthfirst=\dimen117
)
(/usr/share/texlive/texmf-dist/tex/generic/ulem/ulem.sty
\UL@box=\box29
\UL@hyphenbox=\box30
\UL@skip=\skip66
\UL@hook=\toks20
\UL@height=\dimen118
\UL@pe=\count100
\UL@pixel=\dimen119
\ULC@box=\box31
Package: ulem 2012/05/18
\ULdepth=\dimen120
)
(/usr/share/texlive/texmf-dist/tex/latex/fmtcount/fmtcount.sty
Package: fmtcount 2015/05/05 v3.01

(/usr/share/texlive/texmf-dist/tex/latex/xkeyval/xkeyval.sty
Package: xkeyval 2014/12/03 v2.7a package option processing (HA)

(/usr/share/texlive/texmf-dist/tex/generic/xkeyval/xkeyval.tex
(/usr/share/texlive/texmf-dist/tex/generic/xkeyval/xkvutils.tex
\XKV@toks=\toks21
\XKV@tempa@toks=\toks22
)
\XKV@depth=\count101
File: xkeyval.tex 2014/12/03 v2.7a key=value parser (HA)
))
(/usr/share/texlive/texmf-dist/tex/latex/etoolbox/etoolbox.sty
Package: etoolbox 2015/08/02 v2.2a e-TeX tools for LaTeX (JAW)
\etb@tempcnta=\count102
)
(/usr/share/texlive/texmf-dist/tex/latex/fmtcount/fcprefix.sty
Package: fcprefix 2012/09/28

(/usr/share/texlive/texmf-dist/tex/latex/fmtcount/fcnumparser.sty
Package: fcnumparser 2012/09/28
\fc@digit@counter=\count103
))
(/usr/share/texlive/texmf-dist/tex/latex/amsmath/amsgen.sty
File: amsgen.sty 1999/11/30 v2.0 generic functions
\@emptytoks=\toks23
\ex@=\dimen121
)
\c@padzeroesN=\count104
\fc@tmpcatcode=\count105
\@DT@modctr=\count106
\@ordinalctr=\count107
\@orgargctr=\count108
\@strctr=\count109
\@tmpstrctr=\count110
\@DT@loopN=\count111
\@DT@X=\count112

(/usr/share/texlive/texmf-dist/tex/latex/fmtcount/fc-english.def
File: fc-english.def 2013/08/17
))
(/usr/share/texlive/texmf-dist/tex/latex/tools/indentfirst.sty
Package: indentfirst 1995/11/23 v1.03 Indent first paragraph (DPC)
)
(/usr/share/texlive/texmf-dist/tex/latex/emptypage/emptypage.sty
Package: emptypage 2010/05/30 v1.2 Suppress page numbers and headings on empty 
pages
))
(/usr/share/texlive/texmf-dist/tex/latex/graphics/graphicx.sty
Package: graphicx 2014/10/28 v1.0g Enhanced LaTeX Graphics (DPC,SPQR)

(/usr/share/texlive/texmf-dist/tex/latex/graphics/graphics.sty
Package: graphics 2016/01/03 v1.0q Standard LaTeX Graphics (DPC,SPQR)

(/usr/share/texlive/texmf-dist/tex/latex/graphics/trig.sty
Package: trig 2016/01/03 v1.10 sin cos tan (DPC)
)
(/usr/share/texlive/texmf-dist/tex/latex/latexconfig/graphics.cfg
File: graphics.cfg 2010/04/23 v1.9 graphics configuration of TeX Live
)
Package graphics Info: Driver file: pdftex.def on input line 95.

(/usr/share/texlive/texmf-dist/tex/latex/pdftex-def/pdftex.def
File: pdftex.def 2011/05/27 v0.06d Graphics/color for pdfTeX

(/usr/share/texlive/texmf-dist/tex/generic/oberdiek/infwarerr.sty
Package: infwarerr 2010/04/08 v1.3 Providing info/warning/error messages (HO)
)
(/usr/share/texlive/texmf-dist/tex/generic/oberdiek/ltxcmds.sty
Package: ltxcmds 2011/11/09 v1.22 LaTeX kernel commands for general use (HO)
)
\Gread@gobject=\count113
))
\Gin@req@height=\dimen122
\Gin@req@width=\dimen123
)
(/usr/share/texlive/texmf-dist/tex/latex/caption/subcaption.sty
Package: subcaption 2016/02/20 v1.1-142 Sub-captions (AR)

(/usr/share/texlive/texmf-dist/tex/latex/caption/caption.sty
Package: caption 2016/02/21 v3.3-144 Customizing captions (AR)

(/usr/share/texlive/texmf-dist/tex/latex/caption/caption3.sty
Package: caption3 2016/02/04 v1.7-139 caption3 kernel (AR)
Package caption3 Info: TeX engine: e-TeX on input line 67.
\captionmargin=\dimen124
\captionmargin@=\dimen125
\captionwidth=\dimen126
\caption@tempdima=\dimen127
\caption@indent=\dimen128
\caption@parindent=\dimen129
\caption@hangindent=\dimen130
)
\c@ContinuedFloat=\count114
Package caption Info: float package is loaded.
)
\c@subfigure=\count115
\c@subtable=\count116
)
(/usr/share/texlive/texmf-dist/tex/latex/graphics/color.sty
Package: color 2016/01/03 v1.1b Standard LaTeX Color (DPC)

(/usr/share/texlive/texmf-dist/tex/latex/latexconfig/color.cfg
File: color.cfg 2007/01/18 v1.5 color configuration of teTeX/TeXLive
)
Package color Info: Driver file: pdftex.def on input line 143.
)
(/usr/share/texlive/texmf-dist/tex/latex/tools/varioref.sty
Package: varioref 2015/09/22 v1.5b package for extended references (FMi)
\c@vrcnt=\count117
)
(/usr/share/texlive/texmf-dist/tex/latex/listings/listings.sty
\lst@mode=\count118
\lst@gtempboxa=\box32
\lst@token=\toks24
\lst@length=\count119
\lst@currlwidth=\dimen131
\lst@column=\count120
\lst@pos=\count121
\lst@lostspace=\dimen132
\lst@width=\dimen133
\lst@newlines=\count122
\lst@lineno=\count123
\lst@maxwidth=\dimen134

(/usr/share/texlive/texmf-dist/tex/latex/listings/lstmisc.sty
File: lstmisc.sty 2015/06/04 1.6 (Carsten Heinz)
\c@lstnumber=\count124
\lst@skipnumbers=\count125
\lst@framebox=\box33
)
(/usr/share/texlive/texmf-dist/tex/latex/listings/listings.cfg
File: listings.cfg 2015/06/04 1.6 listings configuration
))
Package: listings 2015/06/04 1.6 (Carsten Heinz)

(/usr/share/texlive/texmf-dist/tex/latex/hyperref/hyperref.sty
Package: hyperref 2012/11/06 v6.83m Hypertext links for LaTeX

(/usr/share/texlive/texmf-dist/tex/generic/oberdiek/hobsub-hyperref.sty
Package: hobsub-hyperref 2012/05/28 v1.13 Bundle oberdiek, subset hyperref (HO)


(/usr/share/texlive/texmf-dist/tex/generic/oberdiek/hobsub-generic.sty
Package: hobsub-generic 2012/05/28 v1.13 Bundle oberdiek, subset generic (HO)
Package: hobsub 2012/05/28 v1.13 Construct package bundles (HO)
Package hobsub Info: Skipping package `infwarerr' (already loaded).
Package hobsub Info: Skipping package `ltxcmds' (already loaded).
Package: ifluatex 2010/03/01 v1.3 Provides the ifluatex switch (HO)
Package ifluatex Info: LuaTeX not detected.
Package hobsub Info: Skipping package `ifvtex' (already loaded).
Package: intcalc 2007/09/27 v1.1 Expandable calculations with integers (HO)
Package hobsub Info: Skipping package `ifpdf' (already loaded).
Package: etexcmds 2011/02/16 v1.5 Avoid name clashes with e-TeX commands (HO)
Package etexcmds Info: Could not find \expanded.
(etexcmds)             That can mean that you are not using pdfTeX 1.50 or
(etexcmds)             that some package has redefined \expanded.
(etexcmds)             In the latter case, load this package earlier.
Package: kvsetkeys 2012/04/25 v1.16 Key value parser (HO)
Package: kvdefinekeys 2011/04/07 v1.3 Define keys (HO)
Package: pdftexcmds 2011/11/29 v0.20 Utility functions of pdfTeX for LuaTeX (HO
)
Package pdftexcmds Info: LuaTeX not detected.
Package pdftexcmds Info: \pdf@primitive is available.
Package pdftexcmds Info: \pdf@ifprimitive is available.
Package pdftexcmds Info: \pdfdraftmode found.
Package: pdfescape 2011/11/25 v1.13 Implements pdfTeX's escape features (HO)
Package: bigintcalc 2012/04/08 v1.3 Expandable calculations on big integers (HO
)
Package: bitset 2011/01/30 v1.1 Handle bit-vector datatype (HO)
Package: uniquecounter 2011/01/30 v1.2 Provide unlimited unique counter (HO)
)
Package hobsub Info: Skipping package `hobsub' (already loaded).
Package: letltxmacro 2010/09/02 v1.4 Let assignment for LaTeX macros (HO)
Package: hopatch 2012/05/28 v1.2 Wrapper for package hooks (HO)
Package: xcolor-patch 2011/01/30 xcolor patch
Package: atveryend 2011/06/30 v1.8 Hooks at the very end of document (HO)
Package: atbegshi 2011/10/05 v1.16 At begin shipout hook (HO)
Package: refcount 2011/10/16 v3.4 Data extraction from label references (HO)
Package: hycolor 2011/01/30 v1.7 Color options for hyperref/bookmark (HO)
)
(/usr/share/texlive/texmf-dist/tex/latex/oberdiek/auxhook.sty
Package: auxhook 2011/03/04 v1.3 Hooks for auxiliary files (HO)
)
(/usr/share/texlive/texmf-dist/tex/latex/oberdiek/kvoptions.sty
Package: kvoptions 2011/06/30 v3.11 Key value format for package options (HO)
)
\@linkdim=\dimen135
\Hy@linkcounter=\count126
\Hy@pagecounter=\count127

(/usr/share/texlive/texmf-dist/tex/latex/hyperref/pd1enc.def
File: pd1enc.def 2012/11/06 v6.83m Hyperref: PDFDocEncoding definition (HO)
)
\Hy@SavedSpaceFactor=\count128

(/usr/share/texlive/texmf-dist/tex/latex/latexconfig/hyperref.cfg
File: hyperref.cfg 2002/06/06 v1.2 hyperref configuration of TeXLive
)
Package hyperref Info: Hyper figures OFF on input line 4443.
Package hyperref Info: Link nesting OFF on input line 4448.
Package hyperref Info: Hyper index ON on input line 4451.
Package hyperref Info: Plain pages OFF on input line 4458.
Package hyperref Info: Backreferencing OFF on input line 4463.
Package hyperref Info: Implicit mode ON; LaTeX internals redefined.
Package hyperref Info: Bookmarks ON on input line 4688.
\c@Hy@tempcnt=\count129

(/usr/share/texlive/texmf-dist/tex/latex/url/url.sty
\Urlmuskip=\muskip10
Package: url 2013/09/16  ver 3.4  Verb mode for urls, etc.
)
LaTeX Info: Redefining \url on input line 5041.
\XeTeXLinkMargin=\dimen136
\Fld@menulength=\count130
\Field@Width=\dimen137
\Fld@charsize=\dimen138
Package hyperref Info: Hyper figures OFF on input line 6295.
Package hyperref Info: Link nesting OFF on input line 6300.
Package hyperref Info: Hyper index ON on input line 6303.
Package hyperref Info: backreferencing OFF on input line 6310.
Package hyperref Info: Link coloring OFF on input line 6315.
Package hyperref Info: Link coloring with OCG OFF on input line 6320.
Package hyperref Info: PDF/A mode OFF on input line 6325.
LaTeX Info: Redefining \ref on input line 6365.
LaTeX Info: Redefining \pageref on input line 6369.
\Hy@abspage=\count131
\c@Item=\count132
\c@Hfootnote=\count133
)

Package hyperref Message: Driver: hpdftex.

(/usr/share/texlive/texmf-dist/tex/latex/hyperref/hpdftex.def
File: hpdftex.def 2012/11/06 v6.83m Hyperref driver for pdfTeX
\Fld@listcount=\count134
\c@bookmark@seq@number=\count135

(/usr/share/texlive/texmf-dist/tex/latex/oberdiek/rerunfilecheck.sty
Package: rerunfilecheck 2011/04/15 v1.7 Rerun checks for auxiliary files (HO)
Package uniquecounter Info: New unique counter `rerunfilecheck' on input line 2
82.
)
\Hy@SectionHShift=\skip67
)
(/usr/share/texlive/texmf-dist/tex/latex/cite/cite.sty
LaTeX Info: Redefining \cite on input line 302.
LaTeX Info: Redefining \nocite on input line 332.
Package: cite 2015/02/27  v 5.5
)
(/usr/share/texlive/texmf-dist/tex/latex/acronym/acronym.sty
Package: acronym 2015/03/21 v1.41 Support for acronyms (Tobias Oetiker)

(/usr/share/texlive/texmf-dist/tex/latex/bigfoot/suffix.sty
Package: suffix 2006/07/15 1.5a Variant command support
)
(/usr/share/texlive/texmf-dist/tex/generic/xstring/xstring.sty
(/usr/share/texlive/texmf-dist/tex/generic/xstring/xstring.tex
\@xs@message=\write3
\integerpart=\count136
\decimalpart=\count137
)
Package: xstring 2013/10/13  v1.7c  String manipulations (C Tellechea)
)
\AC@clearlist=\toks25
)
(/usr/share/texlive/texmf-dist/tex/latex/contour/contour.sty
Package: contour 2004/11/18 v2.14 Print contoured text (HH, MH)
\con@length=\skip68

Loading configuration file `contour.cfg'.
(/usr/share/texlive/texmf-dist/tex/latex/contour/contour.cfg
File: contour.cfg 2004/11/18 v2.14 Print contoured text (HH, MH)
)
contour: Using driver file `pdftex.cnt'.
(/usr/share/texlive/texmf-dist/tex/latex/contour/pdftex.cnt
File: pdftex.cnt 2004/11/18 v2.14 Print contoured text (HH, MH)
))
(/usr/share/texlive/texmf-dist/tex/latex/pgf/frontendlayer/tikz.sty
(/usr/share/texlive/texmf-dist/tex/latex/pgf/basiclayer/pgf.sty
(/usr/share/texlive/texmf-dist/tex/latex/pgf/utilities/pgfrcs.sty
(/usr/share/texlive/texmf-dist/tex/generic/pgf/utilities/pgfutil-common.tex
\pgfutil@everybye=\toks26
\pgfutil@tempdima=\dimen139
\pgfutil@tempdimb=\dimen140

(/usr/share/texlive/texmf-dist/tex/generic/pgf/utilities/pgfutil-common-lists.t
ex)) (/usr/share/texlive/texmf-dist/tex/generic/pgf/utilities/pgfutil-latex.def
\pgfutil@abb=\box34
(/usr/share/texlive/texmf-dist/tex/latex/ms/everyshi.sty
Package: everyshi 2001/05/15 v3.00 EveryShipout Package (MS)
))
(/usr/share/texlive/texmf-dist/tex/generic/pgf/utilities/pgfrcs.code.tex
Package: pgfrcs 2015/08/07 v3.0.1a (rcs-revision 1.31)
))
Package: pgf 2015/08/07 v3.0.1a (rcs-revision 1.15)

(/usr/share/texlive/texmf-dist/tex/latex/pgf/basiclayer/pgfcore.sty
(/usr/share/texlive/texmf-dist/tex/latex/pgf/systemlayer/pgfsys.sty
(/usr/share/texlive/texmf-dist/tex/generic/pgf/systemlayer/pgfsys.code.tex
Package: pgfsys 2014/07/09 v3.0.1a (rcs-revision 1.48)

(/usr/share/texlive/texmf-dist/tex/generic/pgf/utilities/pgfkeys.code.tex
\pgfkeys@pathtoks=\toks27
\pgfkeys@temptoks=\toks28

(/usr/share/texlive/texmf-dist/tex/generic/pgf/utilities/pgfkeysfiltered.code.t
ex
\pgfkeys@tmptoks=\toks29
))
\pgf@x=\dimen141
\pgf@y=\dimen142
\pgf@xa=\dimen143
\pgf@ya=\dimen144
\pgf@xb=\dimen145
\pgf@yb=\dimen146
\pgf@xc=\dimen147
\pgf@yc=\dimen148
\w@pgf@writea=\write4
\r@pgf@reada=\read1
\c@pgf@counta=\count138
\c@pgf@countb=\count139
\c@pgf@countc=\count140
\c@pgf@countd=\count141
\t@pgf@toka=\toks30
\t@pgf@tokb=\toks31
\t@pgf@tokc=\toks32
 (/usr/share/texlive/texmf-dist/tex/generic/pgf/systemlayer/pgf.cfg
File: pgf.cfg 2008/05/14  (rcs-revision 1.7)
)
Driver file for pgf: pgfsys-pdftex.def

(/usr/share/texlive/texmf-dist/tex/generic/pgf/systemlayer/pgfsys-pdftex.def
File: pgfsys-pdftex.def 2014/10/11  (rcs-revision 1.35)

(/usr/share/texlive/texmf-dist/tex/generic/pgf/systemlayer/pgfsys-common-pdf.de
f
File: pgfsys-common-pdf.def 2013/10/10  (rcs-revision 1.13)
)))
(/usr/share/texlive/texmf-dist/tex/generic/pgf/systemlayer/pgfsyssoftpath.code.
tex
File: pgfsyssoftpath.code.tex 2013/09/09  (rcs-revision 1.9)
\pgfsyssoftpath@smallbuffer@items=\count142
\pgfsyssoftpath@bigbuffer@items=\count143
)
(/usr/share/texlive/texmf-dist/tex/generic/pgf/systemlayer/pgfsysprotocol.code.
tex
File: pgfsysprotocol.code.tex 2006/10/16  (rcs-revision 1.4)
)) (/usr/share/texlive/texmf-dist/tex/latex/xcolor/xcolor.sty
Package: xcolor 2007/01/21 v2.11 LaTeX color extensions (UK)

(/usr/share/texlive/texmf-dist/tex/latex/latexconfig/color.cfg
File: color.cfg 2007/01/18 v1.5 color configuration of teTeX/TeXLive
)
Package xcolor Info: Driver file: pdftex.def on input line 225.
LaTeX Info: Redefining \color on input line 702.
Package xcolor Info: Model `cmy' substituted by `cmy0' on input line 1337.
Package xcolor Info: Model `hsb' substituted by `rgb' on input line 1341.
Package xcolor Info: Model `RGB' extended on input line 1353.
Package xcolor Info: Model `HTML' substituted by `rgb' on input line 1355.
Package xcolor Info: Model `Hsb' substituted by `hsb' on input line 1356.
Package xcolor Info: Model `tHsb' substituted by `hsb' on input line 1357.
Package xcolor Info: Model `HSB' substituted by `hsb' on input line 1358.
Package xcolor Info: Model `Gray' substituted by `gray' on input line 1359.
Package xcolor Info: Model `wave' substituted by `hsb' on input line 1360.
)
(/usr/share/texlive/texmf-dist/tex/generic/pgf/basiclayer/pgfcore.code.tex
Package: pgfcore 2010/04/11 v3.0.1a (rcs-revision 1.7)

(/usr/share/texlive/texmf-dist/tex/generic/pgf/math/pgfmath.code.tex
(/usr/share/texlive/texmf-dist/tex/generic/pgf/math/pgfmathcalc.code.tex
(/usr/share/texlive/texmf-dist/tex/generic/pgf/math/pgfmathutil.code.tex)
(/usr/share/texlive/texmf-dist/tex/generic/pgf/math/pgfmathparser.code.tex
\pgfmath@dimen=\dimen149
\pgfmath@count=\count144
\pgfmath@box=\box35
\pgfmath@toks=\toks33
\pgfmath@stack@operand=\toks34
\pgfmath@stack@operation=\toks35
)
(/usr/share/texlive/texmf-dist/tex/generic/pgf/math/pgfmathfunctions.code.tex
(/usr/share/texlive/texmf-dist/tex/generic/pgf/math/pgfmathfunctions.basic.code
.tex)
(/usr/share/texlive/texmf-dist/tex/generic/pgf/math/pgfmathfunctions.trigonomet
ric.code.tex)
(/usr/share/texlive/texmf-dist/tex/generic/pgf/math/pgfmathfunctions.random.cod
e.tex)
(/usr/share/texlive/texmf-dist/tex/generic/pgf/math/pgfmathfunctions.comparison
.code.tex)
(/usr/share/texlive/texmf-dist/tex/generic/pgf/math/pgfmathfunctions.base.code.
tex)
(/usr/share/texlive/texmf-dist/tex/generic/pgf/math/pgfmathfunctions.round.code
.tex)
(/usr/share/texlive/texmf-dist/tex/generic/pgf/math/pgfmathfunctions.misc.code.
tex)
(/usr/share/texlive/texmf-dist/tex/generic/pgf/math/pgfmathfunctions.integerari
thmetics.code.tex)))
(/usr/share/texlive/texmf-dist/tex/generic/pgf/math/pgfmathfloat.code.tex
\c@pgfmathroundto@lastzeros=\count145
))
(/usr/share/texlive/texmf-dist/tex/generic/pgf/basiclayer/pgfcorepoints.code.te
x
File: pgfcorepoints.code.tex 2013/10/07  (rcs-revision 1.27)
\pgf@picminx=\dimen150
\pgf@picmaxx=\dimen151
\pgf@picminy=\dimen152
\pgf@picmaxy=\dimen153
\pgf@pathminx=\dimen154
\pgf@pathmaxx=\dimen155
\pgf@pathminy=\dimen156
\pgf@pathmaxy=\dimen157
\pgf@xx=\dimen158
\pgf@xy=\dimen159
\pgf@yx=\dimen160
\pgf@yy=\dimen161
\pgf@zx=\dimen162
\pgf@zy=\dimen163
)
(/usr/share/texlive/texmf-dist/tex/generic/pgf/basiclayer/pgfcorepathconstruct.
code.tex
File: pgfcorepathconstruct.code.tex 2013/10/07  (rcs-revision 1.29)
\pgf@path@lastx=\dimen164
\pgf@path@lasty=\dimen165
)
(/usr/share/texlive/texmf-dist/tex/generic/pgf/basiclayer/pgfcorepathusage.code
.tex
File: pgfcorepathusage.code.tex 2014/11/02  (rcs-revision 1.24)
\pgf@shorten@end@additional=\dimen166
\pgf@shorten@start@additional=\dimen167
)
(/usr/share/texlive/texmf-dist/tex/generic/pgf/basiclayer/pgfcorescopes.code.te
x
File: pgfcorescopes.code.tex 2015/05/08  (rcs-revision 1.46)
\pgfpic=\box36
\pgf@hbox=\box37
\pgf@layerbox@main=\box38
\pgf@picture@serial@count=\count146
)
(/usr/share/texlive/texmf-dist/tex/generic/pgf/basiclayer/pgfcoregraphicstate.c
ode.tex
File: pgfcoregraphicstate.code.tex 2014/11/02  (rcs-revision 1.12)
\pgflinewidth=\dimen168
)
(/usr/share/texlive/texmf-dist/tex/generic/pgf/basiclayer/pgfcoretransformation
s.code.tex
File: pgfcoretransformations.code.tex 2015/08/07  (rcs-revision 1.20)
\pgf@pt@x=\dimen169
\pgf@pt@y=\dimen170
\pgf@pt@temp=\dimen171
)
(/usr/share/texlive/texmf-dist/tex/generic/pgf/basiclayer/pgfcorequick.code.tex
File: pgfcorequick.code.tex 2008/10/09  (rcs-revision 1.3)
)
(/usr/share/texlive/texmf-dist/tex/generic/pgf/basiclayer/pgfcoreobjects.code.t
ex
File: pgfcoreobjects.code.tex 2006/10/11  (rcs-revision 1.2)
)
(/usr/share/texlive/texmf-dist/tex/generic/pgf/basiclayer/pgfcorepathprocessing
.code.tex
File: pgfcorepathprocessing.code.tex 2013/09/09  (rcs-revision 1.9)
)
(/usr/share/texlive/texmf-dist/tex/generic/pgf/basiclayer/pgfcorearrows.code.te
x
File: pgfcorearrows.code.tex 2015/05/14  (rcs-revision 1.43)
\pgfarrowsep=\dimen172
)
(/usr/share/texlive/texmf-dist/tex/generic/pgf/basiclayer/pgfcoreshade.code.tex
File: pgfcoreshade.code.tex 2013/07/15  (rcs-revision 1.15)
\pgf@max=\dimen173
\pgf@sys@shading@range@num=\count147
)
(/usr/share/texlive/texmf-dist/tex/generic/pgf/basiclayer/pgfcoreimage.code.tex
File: pgfcoreimage.code.tex 2013/07/15  (rcs-revision 1.18)

(/usr/share/texlive/texmf-dist/tex/generic/pgf/basiclayer/pgfcoreexternal.code.
tex
File: pgfcoreexternal.code.tex 2014/07/09  (rcs-revision 1.21)
\pgfexternal@startupbox=\box39
))
(/usr/share/texlive/texmf-dist/tex/generic/pgf/basiclayer/pgfcorelayers.code.te
x
File: pgfcorelayers.code.tex 2013/07/18  (rcs-revision 1.7)
)
(/usr/share/texlive/texmf-dist/tex/generic/pgf/basiclayer/pgfcoretransparency.c
ode.tex
File: pgfcoretransparency.code.tex 2013/09/30  (rcs-revision 1.5)
)
(/usr/share/texlive/texmf-dist/tex/generic/pgf/basiclayer/pgfcorepatterns.code.
tex
File: pgfcorepatterns.code.tex 2013/11/07  (rcs-revision 1.5)
)))
(/usr/share/texlive/texmf-dist/tex/generic/pgf/modules/pgfmoduleshapes.code.tex
File: pgfmoduleshapes.code.tex 2014/03/21  (rcs-revision 1.35)
\pgfnodeparttextbox=\box40
) (/usr/share/texlive/texmf-dist/tex/generic/pgf/modules/pgfmoduleplot.code.tex
File: pgfmoduleplot.code.tex 2015/08/03  (rcs-revision 1.13)
)
(/usr/share/texlive/texmf-dist/tex/latex/pgf/compatibility/pgfcomp-version-0-65
.sty
Package: pgfcomp-version-0-65 2007/07/03 v3.0.1a (rcs-revision 1.7)
\pgf@nodesepstart=\dimen174
\pgf@nodesepend=\dimen175
)
(/usr/share/texlive/texmf-dist/tex/latex/pgf/compatibility/pgfcomp-version-1-18
.sty
Package: pgfcomp-version-1-18 2007/07/23 v3.0.1a (rcs-revision 1.1)
)) (/usr/share/texlive/texmf-dist/tex/latex/pgf/utilities/pgffor.sty
(/usr/share/texlive/texmf-dist/tex/latex/pgf/utilities/pgfkeys.sty
(/usr/share/texlive/texmf-dist/tex/generic/pgf/utilities/pgfkeys.code.tex))
(/usr/share/texlive/texmf-dist/tex/latex/pgf/math/pgfmath.sty
(/usr/share/texlive/texmf-dist/tex/generic/pgf/math/pgfmath.code.tex))
(/usr/share/texlive/texmf-dist/tex/generic/pgf/utilities/pgffor.code.tex
Package: pgffor 2013/12/13 v3.0.1a (rcs-revision 1.25)

(/usr/share/texlive/texmf-dist/tex/generic/pgf/math/pgfmath.code.tex)
\pgffor@iter=\dimen176
\pgffor@skip=\dimen177
\pgffor@stack=\toks36
\pgffor@toks=\toks37
))
(/usr/share/texlive/texmf-dist/tex/generic/pgf/frontendlayer/tikz/tikz.code.tex
Package: tikz 2015/08/07 v3.0.1a (rcs-revision 1.151)

(/usr/share/texlive/texmf-dist/tex/generic/pgf/libraries/pgflibraryplothandlers
.code.tex
File: pgflibraryplothandlers.code.tex 2013/08/31 v3.0.1a (rcs-revision 1.20)
\pgf@plot@mark@count=\count148
\pgfplotmarksize=\dimen178
)
\tikz@lastx=\dimen179
\tikz@lasty=\dimen180
\tikz@lastxsaved=\dimen181
\tikz@lastysaved=\dimen182
\tikzleveldistance=\dimen183
\tikzsiblingdistance=\dimen184
\tikz@figbox=\box41
\tikz@figbox@bg=\box42
\tikz@tempbox=\box43
\tikz@tempbox@bg=\box44
\tikztreelevel=\count149
\tikznumberofchildren=\count150
\tikznumberofcurrentchild=\count151
\tikz@fig@count=\count152

(/usr/share/texlive/texmf-dist/tex/generic/pgf/modules/pgfmodulematrix.code.tex
File: pgfmodulematrix.code.tex 2013/09/17  (rcs-revision 1.8)
\pgfmatrixcurrentrow=\count153
\pgfmatrixcurrentcolumn=\count154
\pgf@matrix@numberofcolumns=\count155
)
\tikz@expandcount=\count156

(/usr/share/texlive/texmf-dist/tex/generic/pgf/frontendlayer/tikz/libraries/tik
zlibrarytopaths.code.tex
File: tikzlibrarytopaths.code.tex 2008/06/17 v3.0.1a (rcs-revision 1.2)
)))
(/usr/share/texlive/texmf-dist/tex/generic/pgf/frontendlayer/tikz/libraries/tik
zlibrarycalc.code.tex
File: tikzlibrarycalc.code.tex 2013/07/15 v3.0.1a (rcs-revision 1.9)
)
(/usr/share/texlive/texmf-dist/tex/generic/pgf/frontendlayer/tikz/libraries/tik
zlibrarypatterns.code.tex
File: tikzlibrarypatterns.code.tex 2008/01/15 v3.0.1a (rcs-revision 1.2)

(/usr/share/texlive/texmf-dist/tex/generic/pgf/libraries/pgflibrarypatterns.cod
e.tex
File: pgflibrarypatterns.code.tex 2008/03/03 v3.0.1a (rcs-revision 1.13)
))
(/usr/share/texlive/texmf-dist/tex/generic/pgf/frontendlayer/tikz/libraries/tik
zlibrarypositioning.code.tex
File: tikzlibrarypositioning.code.tex 2008/10/06 v3.0.1a (rcs-revision 1.7)
)
(/usr/share/texlive/texmf-dist/tex/generic/pgf/frontendlayer/tikz/libraries/tik
zlibrarydecorations.markings.code.tex
(/usr/share/texlive/texmf-dist/tex/generic/pgf/frontendlayer/tikz/libraries/tik
zlibrarydecorations.code.tex
(/usr/share/texlive/texmf-dist/tex/generic/pgf/modules/pgfmoduledecorations.cod
e.tex
\pgfdecoratedcompleteddistance=\dimen185
\pgfdecoratedremainingdistance=\dimen186
\pgfdecoratedinputsegmentcompleteddistance=\dimen187
\pgfdecoratedinputsegmentremainingdistance=\dimen188
\pgf@decorate@distancetomove=\dimen189
\pgf@decorate@repeatstate=\count157
\pgfdecorationsegmentamplitude=\dimen190
\pgfdecorationsegmentlength=\dimen191
)
\tikz@lib@dec@box=\box45
)
(/usr/share/texlive/texmf-dist/tex/generic/pgf/libraries/decorations/pgflibrary
decorations.markings.code.tex))
(/usr/share/texlive/texmf-dist/tex/generic/pgf/frontendlayer/tikz/libraries/tik
zlibrarydecorations.pathmorphing.code.tex
(/usr/share/texlive/texmf-dist/tex/generic/pgf/libraries/decorations/pgflibrary
decorations.pathmorphing.code.tex))
(/usr/share/texlive/texmf-dist/tex/generic/pgf/frontendlayer/tikz/libraries/tik
zlibraryarrows.code.tex
File: tikzlibraryarrows.code.tex 2008/01/09 v3.0.1a (rcs-revision 1.1)

(/usr/share/texlive/texmf-dist/tex/generic/pgf/libraries/pgflibraryarrows.code.
tex
File: pgflibraryarrows.code.tex 2013/09/23 v3.0.1a (rcs-revision 1.16)
\arrowsize=\dimen192
)) (/usr/share/texlive/texmf-dist/tex/latex/amsmath/amsmath.sty
Package: amsmath 2016/03/03 v2.15a AMS math features
\@mathmargin=\skip69

For additional information on amsmath, use the `?' option.
(/usr/share/texlive/texmf-dist/tex/latex/amsmath/amstext.sty
Package: amstext 2000/06/29 v2.01 AMS text
)
(/usr/share/texlive/texmf-dist/tex/latex/amsmath/amsbsy.sty
Package: amsbsy 1999/11/29 v1.2d Bold Symbols
\pmbraise@=\dimen193
)
(/usr/share/texlive/texmf-dist/tex/latex/amsmath/amsopn.sty
Package: amsopn 1999/12/14 v2.01 operator names
)
\inf@bad=\count158
LaTeX Info: Redefining \frac on input line 199.
\uproot@=\count159
\leftroot@=\count160
LaTeX Info: Redefining \overline on input line 297.
\classnum@=\count161
\DOTSCASE@=\count162
LaTeX Info: Redefining \ldots on input line 394.
LaTeX Info: Redefining \dots on input line 397.
LaTeX Info: Redefining \cdots on input line 518.
\Mathstrutbox@=\box46
\strutbox@=\box47
\big@size=\dimen194
LaTeX Font Info:    Redeclaring font encoding OML on input line 630.
LaTeX Font Info:    Redeclaring font encoding OMS on input line 631.
\macc@depth=\count163
\c@MaxMatrixCols=\count164
\dotsspace@=\muskip11
\c@parentequation=\count165
\dspbrk@lvl=\count166
\tag@help=\toks38
\row@=\count167
\column@=\count168
\maxfields@=\count169
\andhelp@=\toks39
\eqnshift@=\dimen195
\alignsep@=\dimen196
\tagshift@=\dimen197
\tagwidth@=\dimen198
\totwidth@=\dimen199
\lineht@=\dimen256
\@envbody=\toks40
\multlinegap=\skip70
\multlinetaggap=\skip71
\mathdisplay@stack=\toks41
LaTeX Info: Redefining \[ on input line 2735.
LaTeX Info: Redefining \] on input line 2736.
)
(/usr/share/texlive/texmf-dist/tex/latex/lipsum/lipsum.sty
Package: lipsum 2014/07/27 v1.3 150 paragraphs of Lorem Ipsum dummy text
\c@lips@count=\count170
)
(/usr/share/texlive/texmf-dist/tex/latex/natbib/natbib.sty
Package: natbib 2010/09/13 8.31b (PWD, AO)


Package natbib Warning: The `cite' package should not be used
(natbib)                with natbib. Use option `sort' instead.

\bibhang=\skip72
\bibsep=\skip73
LaTeX Info: Redefining \cite on input line 694.
LaTeX Info: Redefining \citenum on input line 708.
\c@NAT@ctr=\count171
) (./aas_macros.sty)
(/usr/share/texlive/texmf-dist/tex/latex/listings/lstlang1.sty
File: lstlang1.sty 2015/06/04 1.6 listings language file
)
Package hyperref Info: Option `colorlinks' set `true' on input line 136.
Package hyperref Info: Option `draft' set `false' on input line 136.
Package hyperref Info: Option `pdfdisplaydoctitle' set `true' on input line 136
.
Package hyperref Info: Option `pdffitwindow' set `true' on input line 136.
Package hyperref Info: Option `plainpages' set `false' on input line 136.
 (./main.aux
(./introduction.aux) (./ParkerLongcope2017/ParkerLongcope2017.aux)
(./MCOR_Paper/ParkerKankelborg2018.aux) (./ESIS_Mission/ESIS_Mission.aux)
(./conclusion.aux) (./ESIS_Assembly/ESIS_Assembly.aux))
\openout1 = `main.aux'.

LaTeX Font Info:    Checking defaults for OML/cmm/m/it on input line 141.
LaTeX Font Info:    ... okay on input line 141.
LaTeX Font Info:    Checking defaults for T1/cmr/m/n on input line 141.
LaTeX Font Info:    ... okay on input line 141.
LaTeX Font Info:    Checking defaults for OT1/cmr/m/n on input line 141.
LaTeX Font Info:    ... okay on input line 141.
LaTeX Font Info:    Checking defaults for OMS/cmsy/m/n on input line 141.
LaTeX Font Info:    ... okay on input line 141.
LaTeX Font Info:    Checking defaults for OMX/cmex/m/n on input line 141.
LaTeX Font Info:    ... okay on input line 141.
LaTeX Font Info:    Checking defaults for U/cmr/m/n on input line 141.
LaTeX Font Info:    ... okay on input line 141.
LaTeX Font Info:    Checking defaults for PD1/pdf/m/n on input line 141.
LaTeX Font Info:    ... okay on input line 141.

*geometry* driver: auto-detecting
*geometry* detected driver: pdftex
*geometry* verbose mode - [ preamble ] result:
* driver: pdftex
* paper: <default>
* layout: <same size as paper>
* layoutoffset:(h,v)=(0.0pt,0.0pt)
* modes: 
* h-part:(L,W,R)=(108.405pt, 433.62001pt, 72.26999pt)
* v-part:(T,H,B)=(101.26999pt, 621.43001pt, 72.26999pt)
* \paperwidth=614.295pt
* \paperheight=794.96999pt
* \textwidth=433.62001pt
* \textheight=621.43001pt
* \oddsidemargin=36.13501pt
* \evensidemargin=36.13501pt
* \topmargin=2.5pt
* \headheight=12.0pt
* \headsep=14.5pt
* \topskip=12.0pt
* \footskip=30.0pt
* \marginparwidth=44.0pt
* \marginparsep=10.0pt
* \columnsep=10.0pt
* \skip\footins=18.05254pt
* \hoffset=0.0pt
* \voffset=0.0pt
* \mag=1000
* \@twocolumnfalse
* \@twosidefalse
* \@mparswitchfalse
* \@reversemarginfalse
* (1in=72.27pt=25.4mm, 1cm=28.453pt)

(/usr/share/texlive/texmf-dist/tex/context/base/supp-pdf.mkii
[Loading MPS to PDF converter (version 2006.09.02).]
\scratchcounter=\count172
\scratchdimen=\dimen257
\scratchbox=\box48
\nofMPsegments=\count173
\nofMParguments=\count174
\everyMPshowfont=\toks42
\MPscratchCnt=\count175
\MPscratchDim=\dimen258
\MPnumerator=\count176
\makeMPintoPDFobject=\count177
\everyMPtoPDFconversion=\toks43
) (/usr/share/texlive/texmf-dist/tex/latex/oberdiek/epstopdf-base.sty
Package: epstopdf-base 2010/02/09 v2.5 Base part for package epstopdf

(/usr/share/texlive/texmf-dist/tex/latex/oberdiek/grfext.sty
Package: grfext 2010/08/19 v1.1 Manage graphics extensions (HO)
)
Package grfext Info: Graphics extension search list:
(grfext)             [.png,.pdf,.jpg,.mps,.jpeg,.jbig2,.jb2,.PNG,.PDF,.JPG,.JPE
G,.JBIG2,.JB2,.eps]
(grfext)             \AppendGraphicsExtensions on input line 452.

(/usr/share/texlive/texmf-dist/tex/latex/latexconfig/epstopdf-sys.cfg
File: epstopdf-sys.cfg 2010/07/13 v1.3 Configuration of (r)epstopdf for TeX Liv
e
))
Package caption Info: Begin \AtBeginDocument code.
Package caption Info: hyperref package is loaded.
Package caption Info: listings package is loaded.
Package caption Info: End \AtBeginDocument code.
\c@lstlisting=\count178
\AtBeginShipoutBox=\box49
Package hyperref Info: Link coloring ON on input line 141.

(/usr/share/texlive/texmf-dist/tex/latex/hyperref/nameref.sty
Package: nameref 2012/10/27 v2.43 Cross-referencing by name of section

(/usr/share/texlive/texmf-dist/tex/generic/oberdiek/gettitlestring.sty
Package: gettitlestring 2010/12/03 v1.4 Cleanup title references (HO)
)
\c@section@level=\count179
LaTeX Info: Redefining \Ref on input line 513.
)
LaTeX Info: Redefining \ref on input line 141.
LaTeX Info: Redefining \pageref on input line 141.
LaTeX Info: Redefining \nameref on input line 141.

(./main.out) (./main.out)
\@outlinefile=\write5
\openout5 = `main.out'.

LaTeX Info: Redefining \Ref on input line 141.
 ABD: EveryShipout initializing macros
LaTeX Info: Redefining \\ on input line 144.

Overfull \hbox (3.91663pt too wide) in paragraph at lines 144--144
 [] 
 []


Overfull \hbox (3.91663pt too wide) in paragraph at lines 144--144
 [][] 
 []


Overfull \hbox (3.91663pt too wide) in paragraph at lines 144--144
 [][] 
 []


Overfull \hbox (3.91663pt too wide) in paragraph at lines 144--144
 [][] 
 []

[1

{/var/lib/texmf/fonts/map/pdftex/updmap/pdftex.map}]
LaTeX Font Info:    Try loading font information for OMS+cmr on input line 144.


(/usr/share/texlive/texmf-dist/tex/latex/base/omscmr.fd
File: omscmr.fd 2014/09/29 v2.5h Standard LaTeX font definitions
)
LaTeX Font Info:    Font shape `OMS/cmr/m/n' in size <12> not available
(Font)              Font shape `OMS/cmsy/m/n' tried instead on input line 144.

Overfull \hbox (3.91663pt too wide) in paragraph at lines 144--144
 [] 
 []


Overfull \hbox (3.91663pt too wide) in paragraph at lines 144--144
 [][] 
 []

pdfTeX warning (ext4): destination with the same identifier (name{page.i}) has 
been already used, duplicate ignored
<to be read again> 
                   \relax 
l.144 \begin{preliminary}
                          [1

]
***************** Dedication ******************
*geometry* verbose mode - [ newgeometry ] result:
* driver: pdftex
* paper: <default>
* layout: <same size as paper>
* layoutoffset:(h,v)=(0.0pt,0.0pt)
* modes: 
* h-part:(L,W,R)=(108.405pt, 433.62001pt, 72.26999pt)
* v-part:(T,H,B)=(144.76999pt, 577.93001pt, 72.26999pt)
* \paperwidth=614.295pt
* \paperheight=794.96999pt
* \textwidth=433.62001pt
* \textheight=577.93001pt
* \oddsidemargin=36.13501pt
* \evensidemargin=36.13501pt
* \topmargin=2.5pt
* \headheight=12.0pt
* \headsep=58.0pt
* \topskip=12.0pt
* \footskip=30.0pt
* \marginparwidth=44.0pt
* \marginparsep=10.0pt
* \columnsep=10.0pt
* \skip\footins=18.05254pt
* \hoffset=0.0pt
* \voffset=0.0pt
* \mag=1000
* \@twocolumnfalse
* \@twosidefalse
* \@mparswitchfalse
* \@reversemarginfalse
* (1in=72.27pt=25.4mm, 1cm=28.453pt)

(./dedication.tex) [2



]
***************** Acknowledgements ******************
*geometry* verbose mode - [ newgeometry ] result:
* driver: pdftex
* paper: <default>
* layout: <same size as paper>
* layoutoffset:(h,v)=(0.0pt,0.0pt)
* modes: 
* h-part:(L,W,R)=(108.405pt, 433.62001pt, 72.26999pt)
* v-part:(T,H,B)=(144.76999pt, 577.93001pt, 72.26999pt)
* \paperwidth=614.295pt
* \paperheight=794.96999pt
* \textwidth=433.62001pt
* \textheight=577.93001pt
* \oddsidemargin=36.13501pt
* \evensidemargin=36.13501pt
* \topmargin=2.5pt
* \headheight=12.0pt
* \headsep=58.0pt
* \topskip=12.0pt
* \footskip=30.0pt
* \marginparwidth=44.0pt
* \marginparsep=10.0pt
* \columnsep=10.0pt
* \skip\footins=18.05254pt
* \hoffset=0.0pt
* \voffset=0.0pt
* \mag=1000
* \@twocolumnfalse
* \@twosidefalse
* \@mparswitchfalse
* \@reversemarginfalse
* (1in=72.27pt=25.4mm, 1cm=28.453pt)

(./acknow.tex) [3




]
***************** Vita ******************
*geometry* verbose mode - [ newgeometry ] result:
* driver: pdftex
* paper: <default>
* layout: <same size as paper>
* layoutoffset:(h,v)=(0.0pt,0.0pt)
* modes: 
* h-part:(L,W,R)=(108.405pt, 433.62001pt, 72.26999pt)
* v-part:(T,H,B)=(144.76999pt, 577.93001pt, 72.26999pt)
* \paperwidth=614.295pt
* \paperheight=794.96999pt
* \textwidth=433.62001pt
* \textheight=577.93001pt
* \oddsidemargin=36.13501pt
* \evensidemargin=36.13501pt
* \topmargin=2.5pt
* \headheight=12.0pt
* \headsep=58.0pt
* \topskip=12.0pt
* \footskip=30.0pt
* \marginparwidth=44.0pt
* \marginparsep=10.0pt
* \columnsep=10.0pt
* \skip\footins=18.05254pt
* \hoffset=0.0pt
* \voffset=0.0pt
* \mag=1000
* \@twocolumnfalse
* \@twosidefalse
* \@mparswitchfalse
* \@reversemarginfalse
* (1in=72.27pt=25.4mm, 1cm=28.453pt)

(./vita.tex) [4




]
***************** Contents ******************
*geometry* verbose mode - [ newgeometry ] result:
* driver: pdftex
* paper: <default>
* layout: <same size as paper>
* layoutoffset:(h,v)=(0.0pt,0.0pt)
* modes: 
* h-part:(L,W,R)=(108.405pt, 433.62001pt, 72.26999pt)
* v-part:(T,H,B)=(144.76999pt, 577.93001pt, 72.26999pt)
* \paperwidth=614.295pt
* \paperheight=794.96999pt
* \textwidth=433.62001pt
* \textheight=577.93001pt
* \oddsidemargin=36.13501pt
* \evensidemargin=36.13501pt
* \topmargin=2.5pt
* \headheight=12.0pt
* \headsep=58.0pt
* \topskip=12.0pt
* \footskip=30.0pt
* \marginparwidth=44.0pt
* \marginparsep=10.0pt
* \columnsep=10.0pt
* \skip\footins=18.05254pt
* \hoffset=0.0pt
* \voffset=0.0pt
* \mag=1000
* \@twocolumnfalse
* \@twosidefalse
* \@mparswitchfalse
* \@reversemarginfalse
* (1in=72.27pt=25.4mm, 1cm=28.453pt)

(./main.toc [5




])
\tf@toc=\write6
\openout6 = `main.toc'.

 [6]
*geometry* verbose mode - [ newgeometry ] result:
* driver: pdftex
* paper: <default>
* layout: <same size as paper>
* layoutoffset:(h,v)=(0.0pt,0.0pt)
* modes: 
* h-part:(L,W,R)=(108.405pt, 433.62001pt, 72.26999pt)
* v-part:(T,H,B)=(173.76999pt, 548.93001pt, 72.26999pt)
* \paperwidth=614.295pt
* \paperheight=794.96999pt
* \textwidth=433.62001pt
* \textheight=548.93001pt
* \oddsidemargin=36.13501pt
* \evensidemargin=36.13501pt
* \topmargin=2.5pt
* \headheight=12.0pt
* \headsep=87.0pt
* \topskip=12.0pt
* \footskip=30.0pt
* \marginparwidth=44.0pt
* \marginparsep=10.0pt
* \columnsep=10.0pt
* \skip\footins=18.05254pt
* \hoffset=0.0pt
* \voffset=0.0pt
* \mag=1000
* \@twocolumnfalse
* \@twosidefalse
* \@mparswitchfalse
* \@reversemarginfalse
* (1in=72.27pt=25.4mm, 1cm=28.453pt)

 (./main.lot)
\tf@lot=\write7
\openout7 = `main.lot'.

*geometry* verbose mode - [ newgeometry ] result:
* driver: pdftex
* paper: <default>
* layout: <same size as paper>
* layoutoffset:(h,v)=(0.0pt,0.0pt)
* modes: 
* h-part:(L,W,R)=(108.405pt, 433.62001pt, 72.26999pt)
* v-part:(T,H,B)=(173.76999pt, 548.93001pt, 72.26999pt)
* \paperwidth=614.295pt
* \paperheight=794.96999pt
* \textwidth=433.62001pt
* \textheight=548.93001pt
* \oddsidemargin=36.13501pt
* \evensidemargin=36.13501pt
* \topmargin=2.5pt
* \headheight=12.0pt
* \headsep=87.0pt
* \topskip=12.0pt
* \footskip=30.0pt
* \marginparwidth=44.0pt
* \marginparsep=10.0pt
* \columnsep=10.0pt
* \skip\footins=18.05254pt
* \hoffset=0.0pt
* \voffset=0.0pt
* \mag=1000
* \@twocolumnfalse
* \@twosidefalse
* \@mparswitchfalse
* \@reversemarginfalse
* (1in=72.27pt=25.4mm, 1cm=28.453pt)

 (./main.lof [7








]
Overfull \hbox (2.38809pt too wide) in paragraph at lines 11--11
 [][] [][][]\OT1/cmr/m/n/12 SOHO EIT Im-ages taken clos-est the MOSES Launch. 
 []

[8])
\tf@lof=\write8
\openout8 = `main.lof'.

 [9]
*geometry* verbose mode - [ newgeometry ] result:
* driver: pdftex
* paper: <default>
* layout: <same size as paper>
* layoutoffset:(h,v)=(0.0pt,0.0pt)
* modes: 
* h-part:(L,W,R)=(108.405pt, 433.62001pt, 72.26999pt)
* v-part:(T,H,B)=(173.76999pt, 548.93001pt, 72.26999pt)
* \paperwidth=614.295pt
* \paperheight=794.96999pt
* \textwidth=433.62001pt
* \textheight=548.93001pt
* \oddsidemargin=36.13501pt
* \evensidemargin=36.13501pt
* \topmargin=2.5pt
* \headheight=12.0pt
* \headsep=87.0pt
* \topskip=12.0pt
* \footskip=30.0pt
* \marginparwidth=44.0pt
* \marginparsep=10.0pt
* \columnsep=10.0pt
* \skip\footins=18.05254pt
* \hoffset=0.0pt
* \voffset=0.0pt
* \mag=1000
* \@twocolumnfalse
* \@twosidefalse
* \@mparswitchfalse
* \@reversemarginfalse
* (1in=72.27pt=25.4mm, 1cm=28.453pt)

 (./main.loa)
\tf@loa=\write9
\openout9 = `main.loa'.


***************** Abstract ******************
*geometry* verbose mode - [ newgeometry ] result:
* driver: pdftex
* paper: <default>
* layout: <same size as paper>
* layoutoffset:(h,v)=(0.0pt,0.0pt)
* modes: 
* h-part:(L,W,R)=(108.405pt, 433.62001pt, 72.26999pt)
* v-part:(T,H,B)=(144.76999pt, 577.93001pt, 72.26999pt)
* \paperwidth=614.295pt
* \paperheight=794.96999pt
* \textwidth=433.62001pt
* \textheight=577.93001pt
* \oddsidemargin=36.13501pt
* \evensidemargin=36.13501pt
* \topmargin=2.5pt
* \headheight=12.0pt
* \headsep=58.0pt
* \topskip=12.0pt
* \footskip=30.0pt
* \marginparwidth=44.0pt
* \marginparsep=10.0pt
* \columnsep=10.0pt
* \skip\footins=18.05254pt
* \hoffset=0.0pt
* \voffset=0.0pt
* \mag=1000
* \@twocolumnfalse
* \@twosidefalse
* \@mparswitchfalse
* \@reversemarginfalse
* (1in=72.27pt=25.4mm, 1cm=28.453pt)

(./abstract.tex) [10








]
\openout2 = `introduction.aux'.

 (./introduction.tex
*****************  Chapter 1. Introduction  *****************

LaTeX Warning: Reference `CH:theory' on page 1 undefined on input line 2.

[1




]) [2]
\openout2 = `ParkerLongcope2017/ParkerLongcope2017.aux'.

 (./ParkerLongcope2017/ParkerLongcope2017.tex
*****************  Chapter 2. Modeling a propagating sawtooth flare ribbon stru
cture as a tearing mode in the presence of velocity shear  *****************
[3



] [4] [5]
Package epstopdf Info: Source file: <ParkerLongcope2017/sji_context.eps>
(epstopdf)                    date: 2016-12-01 13:17:14
(epstopdf)                    size: 47981 bytes
(epstopdf)             Output file: <ParkerLongcope2017/sji_context-eps-convert
ed-to.pdf>
(epstopdf)                    date: 2016-12-02 13:04:46
(epstopdf)                    size: 28446 bytes
(epstopdf)             Command: <repstopdf --outfile=ParkerLongcope2017/sji_con
text-eps-converted-to.pdf ParkerLongcope2017/sji_context.eps>
(epstopdf)             \includegraphics on input line 50.
Package epstopdf Info: Output file is already uptodate.

<ParkerLongcope2017/sji_context-eps-converted-to.pdf, id=523, 667.49374pt x 255
.95625pt>
File: ParkerLongcope2017/sji_context-eps-converted-to.pdf Graphic file (type pd
f)
 <use ParkerLongcope2017/sji_context-eps-converted-to.pdf>
Package pdftex.def Info: ParkerLongcope2017/sji_context-eps-converted-to.pdf us
ed on input line 50.
(pdftex.def)             Requested size: 469.75499pt x 180.13672pt.
 [6 <./ParkerLongcope2017/sji_context-eps-converted-to.pdf>]
Package epstopdf Info: Source file: <ParkerLongcope2017/fig11.eps>
(epstopdf)                    date: 2016-12-02 10:24:04
(epstopdf)                    size: 49439 bytes
(epstopdf)             Output file: <ParkerLongcope2017/fig11-eps-converted-to.
pdf>
(epstopdf)                    date: 2016-12-02 13:04:46
(epstopdf)                    size: 19573 bytes
(epstopdf)             Command: <repstopdf --outfile=ParkerLongcope2017/fig11-e
ps-converted-to.pdf ParkerLongcope2017/fig11.eps>
(epstopdf)             \includegraphics on input line 59.
Package epstopdf Info: Output file is already uptodate.

<ParkerLongcope2017/fig11-eps-converted-to.pdf, id=536, 289.08pt x 505.89pt>
File: ParkerLongcope2017/fig11-eps-converted-to.pdf Graphic file (type pdf)

<use ParkerLongcope2017/fig11-eps-converted-to.pdf>
Package pdftex.def Info: ParkerLongcope2017/fig11-eps-converted-to.pdf used on 
input line 59.
(pdftex.def)             Requested size: 247.7879pt x 433.62pt.
 [7] [8 <./ParkerLongcope2017/fig11-eps-converted-to.pdf>] [9] [10] [11] [12] [
13] [14] [15] [16] [17]
[18]
Package epstopdf Info: Source file: <ParkerLongcope2017/TM_eigenfunction.eps>
(epstopdf)                    date: 2016-11-08 11:32:42
(epstopdf)                    size: 46349 bytes
(epstopdf)             Output file: <ParkerLongcope2017/TM_eigenfunction-eps-co
nverted-to.pdf>
(epstopdf)                    date: 2016-11-29 08:09:42
(epstopdf)                    size: 19649 bytes
(epstopdf)             Command: <repstopdf --outfile=ParkerLongcope2017/TM_eige
nfunction-eps-converted-to.pdf ParkerLongcope2017/TM_eigenfunction.eps>
(epstopdf)             \includegraphics on input line 239.
Package epstopdf Info: Output file is already uptodate.

<ParkerLongcope2017/TM_eigenfunction-eps-converted-to.pdf, id=742, 777.90625pt 
x 485.815pt>
File: ParkerLongcope2017/TM_eigenfunction-eps-converted-to.pdf Graphic file (ty
pe pdf)
 <use ParkerLongcope2017/TM_eigenfunction-eps-converted-to.pdf>
Package pdftex.def Info: ParkerLongcope2017/TM_eigenfunction-eps-converted-to.p
df used on input line 239.
(pdftex.def)             Requested size: 466.74734pt x 291.49124pt.
Package epstopdf Info: Source file: <ParkerLongcope2017/contour_noshear.eps>
(epstopdf)                    date: 2016-11-14 11:27:08
(epstopdf)                    size: 577917 bytes
(epstopdf)             Output file: <ParkerLongcope2017/contour_noshear-eps-con
verted-to.pdf>
(epstopdf)                    date: 2016-11-29 08:09:44
(epstopdf)                    size: 154836 bytes
(epstopdf)             Command: <repstopdf --outfile=ParkerLongcope2017/contour
_noshear-eps-converted-to.pdf ParkerLongcope2017/contour_noshear.eps>
(epstopdf)             \includegraphics on input line 249.
Package epstopdf Info: Output file is already uptodate.

<ParkerLongcope2017/contour_noshear-eps-converted-to.pdf, id=743, 642.4pt x 513
.92pt>
File: ParkerLongcope2017/contour_noshear-eps-converted-to.pdf Graphic file (typ
e pdf)
 <use ParkerLongcope2017/contour_noshear-eps-converted-to.pdf>
Package pdftex.def Info: ParkerLongcope2017/contour_noshear-eps-converted-to.pd
f used on input line 249.
(pdftex.def)             Requested size: 642.39844pt x 513.91873pt.
Package epstopdf Info: Source file: <ParkerLongcope2017/contour_midshear.eps>
(epstopdf)                    date: 2016-11-14 11:26:20
(epstopdf)                    size: 454615 bytes
(epstopdf)             Output file: <ParkerLongcope2017/contour_midshear-eps-co
nverted-to.pdf>
(epstopdf)                    date: 2016-11-29 08:09:44
(epstopdf)                    size: 155101 bytes
(epstopdf)             Command: <repstopdf --outfile=ParkerLongcope2017/contour
_midshear-eps-converted-to.pdf ParkerLongcope2017/contour_midshear.eps>
(epstopdf)             \includegraphics on input line 250.
Package epstopdf Info: Output file is already uptodate.

<ParkerLongcope2017/contour_midshear-eps-converted-to.pdf, id=744, 642.4pt x 51
3.92pt>
File: ParkerLongcope2017/contour_midshear-eps-converted-to.pdf Graphic file (ty
pe pdf)
 <use ParkerLongcope2017/contour_midshear-eps-converted-to.pdf>
Package pdftex.def Info: ParkerLongcope2017/contour_midshear-eps-converted-to.p
df used on input line 250.
(pdftex.def)             Requested size: 642.39844pt x 513.91873pt.
Package epstopdf Info: Source file: <ParkerLongcope2017/contour_highshear.eps>
(epstopdf)                    date: 2016-11-14 11:26:34
(epstopdf)                    size: 412088 bytes
(epstopdf)             Output file: <ParkerLongcope2017/contour_highshear-eps-c
onverted-to.pdf>
(epstopdf)                    date: 2016-11-29 08:09:44
(epstopdf)                    size: 150229 bytes
(epstopdf)             Command: <repstopdf --outfile=ParkerLongcope2017/contour
_highshear-eps-converted-to.pdf ParkerLongcope2017/contour_highshear.eps>
(epstopdf)             \includegraphics on input line 251.
Package epstopdf Info: Output file is already uptodate.

<ParkerLongcope2017/contour_highshear-eps-converted-to.pdf, id=745, 642.4pt x 5
13.92pt>
File: ParkerLongcope2017/contour_highshear-eps-converted-to.pdf Graphic file (t
ype pdf)
 <use ParkerLongcope2017/contour_highshear-eps-converted-to.pdf>
Package pdftex.def Info: ParkerLongcope2017/contour_highshear-eps-converted-to.
pdf used on input line 251.
(pdftex.def)             Requested size: 642.39844pt x 513.91873pt.

Overfull \hbox (208.77843pt too wide) in paragraph at lines 249--252
[][]
 []


Overfull \hbox (208.77843pt too wide) in paragraph at lines 249--252
[]
 []


Overfull \hbox (208.77843pt too wide) in paragraph at lines 249--252
[] 
 []


LaTeX Warning: Float too large for page by 975.32617pt on input line 254.

[19] [20 <./ParkerLongcope2017/TM_eigenfunction-eps-converted-to.pdf>] [21 <./P
arkerLongcope2017/contour_noshear-eps-converted-to.pdf> <./ParkerLongcope2017/c
ontour_midshear-eps-converted-to.pdf> <./ParkerLongcope2017/contour_highshear-e
ps-converted-to.pdf>] (./ParkerLongcope2017/cartoon.pdf_tex
<ParkerLongcope2017/cartoon.pdf, id=789, page=1, 378.12453pt x 276.03584pt>
File: ParkerLongcope2017/cartoon.pdf Graphic file (type pdf)

<use ParkerLongcope2017/cartoon.pdf, page 1>
Package pdftex.def Info: ParkerLongcope2017/cartoon.pdf, page1 used on input li
ne 57.
(pdftex.def)             Requested size: 378.12453pt x 276.05621pt.

<ParkerLongcope2017/cartoon.pdf, id=790, page=2, 378.12453pt x 276.03584pt>
File: ParkerLongcope2017/cartoon.pdf Graphic file (type pdf)

<use ParkerLongcope2017/cartoon.pdf, page 2>
Package pdftex.def Info: ParkerLongcope2017/cartoon.pdf, page2 used on input li
ne 59.
(pdftex.def)             Requested size: 378.12453pt x 276.05621pt.

<ParkerLongcope2017/cartoon.pdf, id=791, page=3, 378.12453pt x 276.03584pt>
File: ParkerLongcope2017/cartoon.pdf Graphic file (type pdf)

<use ParkerLongcope2017/cartoon.pdf, page 3>
Package pdftex.def Info: ParkerLongcope2017/cartoon.pdf, page3 used on input li
ne 61.
(pdftex.def)             Requested size: 378.12453pt x 276.05621pt.

<ParkerLongcope2017/cartoon.pdf, id=792, page=4, 378.12453pt x 276.03584pt>
File: ParkerLongcope2017/cartoon.pdf Graphic file (type pdf)

<use ParkerLongcope2017/cartoon.pdf, page 4>
Package pdftex.def Info: ParkerLongcope2017/cartoon.pdf, page4 used on input li
ne 67.
(pdftex.def)             Requested size: 378.12453pt x 276.05621pt.

<ParkerLongcope2017/cartoon.pdf, id=793, page=5, 378.12453pt x 276.03584pt>
File: ParkerLongcope2017/cartoon.pdf Graphic file (type pdf)

<use ParkerLongcope2017/cartoon.pdf, page 5>
Package pdftex.def Info: ParkerLongcope2017/cartoon.pdf, page5 used on input li
ne 69.
(pdftex.def)             Requested size: 378.12453pt x 276.05621pt.

<ParkerLongcope2017/cartoon.pdf, id=794, page=6, 378.12453pt x 276.03584pt>
File: ParkerLongcope2017/cartoon.pdf Graphic file (type pdf)

<use ParkerLongcope2017/cartoon.pdf, page 6>
Package pdftex.def Info: ParkerLongcope2017/cartoon.pdf, page6 used on input li
ne 71.
(pdftex.def)             Requested size: 378.12453pt x 276.05621pt.

<ParkerLongcope2017/cartoon.pdf, id=795, page=7, 378.12453pt x 276.03584pt>
File: ParkerLongcope2017/cartoon.pdf Graphic file (type pdf)

<use ParkerLongcope2017/cartoon.pdf, page 7>
Package pdftex.def Info: ParkerLongcope2017/cartoon.pdf, page7 used on input li
ne 73.
(pdftex.def)             Requested size: 378.12453pt x 276.05621pt.

<ParkerLongcope2017/cartoon.pdf, id=796, page=8, 378.12453pt x 276.03584pt>
File: ParkerLongcope2017/cartoon.pdf Graphic file (type pdf)

<use ParkerLongcope2017/cartoon.pdf, page 8>
Package pdftex.def Info: ParkerLongcope2017/cartoon.pdf, page8 used on input li
ne 75.
(pdftex.def)             Requested size: 378.12453pt x 276.05621pt.

<ParkerLongcope2017/cartoon.pdf, id=797, page=9, 378.12453pt x 276.03584pt>
File: ParkerLongcope2017/cartoon.pdf Graphic file (type pdf)

<use ParkerLongcope2017/cartoon.pdf, page 9>
Package pdftex.def Info: ParkerLongcope2017/cartoon.pdf, page9 used on input li
ne 77.
(pdftex.def)             Requested size: 378.12453pt x 276.05621pt.

<ParkerLongcope2017/cartoon.pdf, id=798, page=10, 378.12453pt x 276.03584pt>
File: ParkerLongcope2017/cartoon.pdf Graphic file (type pdf)

<use ParkerLongcope2017/cartoon.pdf, page 10>
Package pdftex.def Info: ParkerLongcope2017/cartoon.pdf, page10 used on input l
ine 79.
(pdftex.def)             Requested size: 378.12453pt x 276.05621pt.

<ParkerLongcope2017/cartoon.pdf, id=799, page=11, 378.12453pt x 276.03584pt>
File: ParkerLongcope2017/cartoon.pdf Graphic file (type pdf)

<use ParkerLongcope2017/cartoon.pdf, page 11>
Package pdftex.def Info: ParkerLongcope2017/cartoon.pdf, page11 used on input l
ine 84.
(pdftex.def)             Requested size: 378.12453pt x 276.05621pt.
) [22] [23 <./ParkerLongcope2017/cartoon.pdf> <./ParkerLongcope2017/cartoon.pdf


pdfTeX warning: /usr/bin/pdflatex (file ./ParkerLongcope2017/cartoon.pdf): PDF 
inclusion: multiple pdfs with page group included in a single page
> <./ParkerLongcope2017/cartoon.pdf

pdfTeX warning: /usr/bin/pdflatex (file ./ParkerLongcope2017/cartoon.pdf): PDF 
inclusion: multiple pdfs with page group included in a single page
> <./ParkerLongcope2017/cartoon.pdf

pdfTeX warning: /usr/bin/pdflatex (file ./ParkerLongcope2017/cartoon.pdf): PDF 
inclusion: multiple pdfs with page group included in a single page
> <./ParkerLongcope2017/cartoon.pdf

pdfTeX warning: /usr/bin/pdflatex (file ./ParkerLongcope2017/cartoon.pdf): PDF 
inclusion: multiple pdfs with page group included in a single page
> <./ParkerLongcope2017/cartoon.pdf

pdfTeX warning: /usr/bin/pdflatex (file ./ParkerLongcope2017/cartoon.pdf): PDF 
inclusion: multiple pdfs with page group included in a single page
> <./ParkerLongcope2017/cartoon.pdf

pdfTeX warning: /usr/bin/pdflatex (file ./ParkerLongcope2017/cartoon.pdf): PDF 
inclusion: multiple pdfs with page group included in a single page
> <./ParkerLongcope2017/cartoon.pdf

pdfTeX warning: /usr/bin/pdflatex (file ./ParkerLongcope2017/cartoon.pdf): PDF 
inclusion: multiple pdfs with page group included in a single page
> <./ParkerLongcope2017/cartoon.pdf

pdfTeX warning: /usr/bin/pdflatex (file ./ParkerLongcope2017/cartoon.pdf): PDF 
inclusion: multiple pdfs with page group included in a single page
> <./ParkerLongcope2017/cartoon.pdf

pdfTeX warning: /usr/bin/pdflatex (file ./ParkerLongcope2017/cartoon.pdf): PDF 
inclusion: multiple pdfs with page group included in a single page
> <./ParkerLongcope2017/cartoon.pdf

pdfTeX warning: /usr/bin/pdflatex (file ./ParkerLongcope2017/cartoon.pdf): PDF 
inclusion: multiple pdfs with page group included in a single page
>] [24]
Package epstopdf Info: Source file: <ParkerLongcope2017/contour_saturated.eps>
(epstopdf)                    date: 2016-12-13 09:21:24
(epstopdf)                    size: 274589 bytes
(epstopdf)             Output file: <ParkerLongcope2017/contour_saturated-eps-c
onverted-to.pdf>
(epstopdf)                    date: 2016-12-13 09:22:40
(epstopdf)                    size: 89018 bytes
(epstopdf)             Command: <repstopdf --outfile=ParkerLongcope2017/contour
_saturated-eps-converted-to.pdf ParkerLongcope2017/contour_saturated.eps>
(epstopdf)             \includegraphics on input line 313.
Package epstopdf Info: Output file is already uptodate.

<ParkerLongcope2017/contour_saturated-eps-converted-to.pdf, id=830, 642.4pt x 5
13.92pt>
File: ParkerLongcope2017/contour_saturated-eps-converted-to.pdf Graphic file (t
ype pdf)
 <use ParkerLongcope2017/contour_saturated-eps-converted-to.pdf>
Package pdftex.def Info: ParkerLongcope2017/contour_saturated-eps-converted-to.
pdf used on input line 313.
(pdftex.def)             Requested size: 513.9207pt x 411.13655pt.

[25] [26 <./ParkerLongcope2017/contour_saturated-eps-converted-to.pdf>]
Package epstopdf Info: Source file: <ParkerLongcope2017/Ref_Response_1a.eps>
(epstopdf)                    date: 2017-07-21 15:17:56
(epstopdf)                    size: 334774 bytes
(epstopdf)             Output file: <ParkerLongcope2017/Ref_Response_1a-eps-con
verted-to.pdf>
(epstopdf)                    date: 2017-07-21 15:37:19
(epstopdf)                    size: 106834 bytes
(epstopdf)             Command: <repstopdf --outfile=ParkerLongcope2017/Ref_Res
ponse_1a-eps-converted-to.pdf ParkerLongcope2017/Ref_Response_1a.eps>
(epstopdf)             \includegraphics on input line 325.
Package epstopdf Info: Output file is already uptodate.

<ParkerLongcope2017/Ref_Response_1a-eps-converted-to.pdf, id=861, 642.4pt x 513
.92pt>
File: ParkerLongcope2017/Ref_Response_1a-eps-converted-to.pdf Graphic file (typ
e pdf)
 <use ParkerLongcope2017/Ref_Response_1a-eps-converted-to.pdf>
Package pdftex.def Info: ParkerLongcope2017/Ref_Response_1a-eps-converted-to.pd
f used on input line 325.
(pdftex.def)             Requested size: 513.9207pt x 411.13655pt.
 [27]
[28 <./ParkerLongcope2017/Ref_Response_1a-eps-converted-to.pdf>] [29]
Package epstopdf Info: Source file: <ParkerLongcope2017/trajectory.eps>
(epstopdf)                    date: 2016-12-13 09:32:50
(epstopdf)                    size: 49981 bytes
(epstopdf)             Output file: <ParkerLongcope2017/trajectory-eps-converte
d-to.pdf>
(epstopdf)                    date: 2016-12-13 09:33:08
(epstopdf)                    size: 24546 bytes
(epstopdf)             Command: <repstopdf --outfile=ParkerLongcope2017/traject
ory-eps-converted-to.pdf ParkerLongcope2017/trajectory.eps>
(epstopdf)             \includegraphics on input line 368.
Package epstopdf Info: Output file is already uptodate.

<ParkerLongcope2017/trajectory-eps-converted-to.pdf, id=898, 1315.91624pt x 506
.89375pt>
File: ParkerLongcope2017/trajectory-eps-converted-to.pdf Graphic file (type pdf
)
 <use ParkerLongcope2017/trajectory-eps-converted-to.pdf>
Package pdftex.def Info: ParkerLongcope2017/trajectory-eps-converted-to.pdf use
d on input line 368.
(pdftex.def)             Requested size: 592.15685pt x 228.10008pt.
Package epstopdf Info: Source file: <ParkerLongcope2017/Ref_Response_1b.eps>
(epstopdf)                    date: 2017-07-21 15:00:18
(epstopdf)                    size: 50416 bytes
(epstopdf)             Output file: <ParkerLongcope2017/Ref_Response_1b-eps-con
verted-to.pdf>
(epstopdf)                    date: 2017-07-21 15:01:57
(epstopdf)                    size: 24594 bytes
(epstopdf)             Command: <repstopdf --outfile=ParkerLongcope2017/Ref_Res
ponse_1b-eps-converted-to.pdf ParkerLongcope2017/Ref_Response_1b.eps>
(epstopdf)             \includegraphics on input line 369.
Package epstopdf Info: Output file is already uptodate.

<ParkerLongcope2017/Ref_Response_1b-eps-converted-to.pdf, id=899, 1315.91624pt 
x 506.89375pt>
File: ParkerLongcope2017/Ref_Response_1b-eps-converted-to.pdf Graphic file (typ
e pdf)
 <use ParkerLongcope2017/Ref_Response_1b-eps-converted-to.pdf>
Package pdftex.def Info: ParkerLongcope2017/Ref_Response_1b-eps-converted-to.pd
f used on input line 369.
(pdftex.def)             Requested size: 592.15685pt x 228.10008pt.

[30] [31 <./ParkerLongcope2017/trajectory-eps-converted-to.pdf> <./ParkerLongco
pe2017/Ref_Response_1b-eps-converted-to.pdf>] [32] [33] [34] [35]) [36]
\openout2 = `MCOR_Paper/ParkerKankelborg2018.aux'.


(./MCOR_Paper/ParkerKankelborg2018.tex
*****************  Chapter 3. Determining the Spectral Content of MOSES Images 
 *****************
Package acronym Info: Label `acro:MOSES' newly defined as it shall be overridde
n
although it is yet undefined on input line 81.
[37



]
Package epstopdf Info: Source file: <MCOR_Paper/super_zero.eps>
(epstopdf)                    date: 2018-09-18 15:09:03
(epstopdf)                    size: 7844970 bytes
(epstopdf)             Output file: <MCOR_Paper/super_zero-eps-converted-to.pdf
>
(epstopdf)                    date: 2018-09-18 15:09:12
(epstopdf)                    size: 433547 bytes
(epstopdf)             Command: <repstopdf --outfile=MCOR_Paper/super_zero-eps-
converted-to.pdf MCOR_Paper/super_zero.eps>
(epstopdf)             \includegraphics on input line 91.
Package epstopdf Info: Output file is already uptodate.
 <MCOR_Paper/super_zero-eps-converted-to.pdf, id=1018, 642.4pt x 513.92pt>
File: MCOR_Paper/super_zero-eps-converted-to.pdf Graphic file (type pdf)

<use MCOR_Paper/super_zero-eps-converted-to.pdf>
Package pdftex.def Info: MCOR_Paper/super_zero-eps-converted-to.pdf used on inp
ut line 91.
(pdftex.def)             Requested size: 433.62001pt x 231.66806pt.
Package epstopdf Info: Source file: <MCOR_Paper/super_plus.eps>
(epstopdf)                    date: 2018-09-18 15:09:03
(epstopdf)                    size: 7844972 bytes
(epstopdf)             Output file: <MCOR_Paper/super_plus-eps-converted-to.pdf
>
(epstopdf)                    date: 2018-09-18 15:09:14
(epstopdf)                    size: 429604 bytes
(epstopdf)             Command: <repstopdf --outfile=MCOR_Paper/super_plus-eps-
converted-to.pdf MCOR_Paper/super_plus.eps>
(epstopdf)             \includegraphics on input line 99.
Package epstopdf Info: Output file is already uptodate.

<MCOR_Paper/super_plus-eps-converted-to.pdf, id=1020, 642.4pt x 513.92pt>
File: MCOR_Paper/super_plus-eps-converted-to.pdf Graphic file (type pdf)

<use MCOR_Paper/super_plus-eps-converted-to.pdf>
Package pdftex.def Info: MCOR_Paper/super_plus-eps-converted-to.pdf used on inp
ut line 99.
(pdftex.def)             Requested size: 433.62001pt x 231.66806pt.
Package epstopdf Info: Source file: <MCOR_Paper/super_pz.eps>
(epstopdf)                    date: 2018-09-18 15:09:03
(epstopdf)                    size: 7209126 bytes
(epstopdf)             Output file: <MCOR_Paper/super_pz-eps-converted-to.pdf>
(epstopdf)                    date: 2018-09-18 15:09:15
(epstopdf)                    size: 2281324 bytes
(epstopdf)             Command: <repstopdf --outfile=MCOR_Paper/super_pz-eps-co
nverted-to.pdf MCOR_Paper/super_pz.eps>
(epstopdf)             \includegraphics on input line 114.
Package epstopdf Info: Output file is already uptodate.

<MCOR_Paper/super_pz-eps-converted-to.pdf, id=1022, 642.4pt x 513.92pt>
File: MCOR_Paper/super_pz-eps-converted-to.pdf Graphic file (type pdf)

<use MCOR_Paper/super_pz-eps-converted-to.pdf>
Package pdftex.def Info: MCOR_Paper/super_pz-eps-converted-to.pdf used on input
 line 114.
(pdftex.def)             Requested size: 433.62001pt x 231.66806pt.

contour: Using 20 copies for `\let \relax \fontsize {12}{14.5}\selectfont \abov
edisplayskip 12\p@ plus3\p@ minus7\p@ \abovedisplayshortskip \z@ plus3\p@ \belo
wdisplayshortskip 6.5\p@ plus3.5\p@ minus3\p@ \belowdisplayskip \abovedisplaysk
ip \let \leftmargin \leftmargini \parsep 5\p@ plus2.5\p@ minus\p@ \topsep 10\p@
 plus4\p@ minus6\p@ \itemsep 5\p@ plus2.5\p@ minus\p@ \leftmargin \leftmargini 
\parsep 5\p@ plus2.5\p@ minus\p@ \topsep 10\p@ plus4\p@ minus6\p@ \itemsep 5\p@
 plus2.5\p@ minus\p@ =\relax \fontsize {14.4}{18}\selectfont \relax \fontsize {
14.4}{18}\selectfont \leavevmode{\color {green}1}' on input line 117.
contour: Using 20 copies for ` \let \relax \fontsize {12}{14.5}\selectfont \abo
vedisplayskip 12\p@ plus3\p@ minus7\p@ \abovedisplayshortskip \z@ plus3\p@ \bel
owdisplayshortskip 6.5\p@ plus3.5\p@ minus3\p@ \belowdisplayskip \abovedisplays
kip \let \leftmargin \leftmargini \parsep 5\p@ plus2.5\p@ minus\p@ \topsep 10\p
@ plus4\p@ minus6\p@ \itemsep 5\p@ plus2.5\p@ minus\p@ \leftmargin \leftmargini
 \parsep 5\p@ plus2.5\p@ minus\p@ \topsep 10\p@ plus4\p@ minus6\p@ \itemsep 5\p
@ plus2.5\p@ minus\p@ =\relax \fontsize {14.4}{18}\selectfont \relax \fontsize 
{14.4}{18}\selectfont \leavevmode{\color {green}3}' on input line 118.
contour: Using 20 copies for `\let \relax \fontsize {12}{14.5}\selectfont \abov
edisplayskip 12\p@ plus3\p@ minus7\p@ \abovedisplayshortskip \z@ plus3\p@ \belo
wdisplayshortskip 6.5\p@ plus3.5\p@ minus3\p@ \belowdisplayskip \abovedisplaysk
ip \let \leftmargin \leftmargini \parsep 5\p@ plus2.5\p@ minus\p@ \topsep 10\p@
 plus4\p@ minus6\p@ \itemsep 5\p@ plus2.5\p@ minus\p@ \leftmargin \leftmargini 
\parsep 5\p@ plus2.5\p@ minus\p@ \topsep 10\p@ plus4\p@ minus6\p@ \itemsep 5\p@
 plus2.5\p@ minus\p@ =\relax \fontsize {14.4}{18}\selectfont \relax \fontsize {
14.4}{18}\selectfont \leavevmode{\color {green}2}' on input line 119.

LaTeX Warning: Float too large for page by 157.57416pt on input line 130.

Package epstopdf Info: Source file: <MCOR_Paper/eit_171.eps>
(epstopdf)                    date: 2018-11-27 10:08:43
(epstopdf)                    size: 7713152 bytes
(epstopdf)             Output file: <MCOR_Paper/eit_171-eps-converted-to.pdf>
(epstopdf)                    date: 2018-12-06 15:52:53
(epstopdf)                    size: 446708 bytes
(epstopdf)             Command: <repstopdf --outfile=MCOR_Paper/eit_171-eps-con
verted-to.pdf MCOR_Paper/eit_171.eps>
(epstopdf)             \includegraphics on input line 142.
Package epstopdf Info: Output file is already uptodate.
<MCOR_Paper/eit_171-eps-converted-to.pdf, id=1037, 642.4pt x 513.92pt>
File: MCOR_Paper/eit_171-eps-converted-to.pdf Graphic file (type pdf)

<use MCOR_Paper/eit_171-eps-converted-to.pdf>
Package pdftex.def Info: MCOR_Paper/eit_171-eps-converted-to.pdf used on input 
line 142.
(pdftex.def)             Requested size: 433.62001pt x 187.49402pt.
Package epstopdf Info: Source file: <MCOR_Paper/eit_195.eps>
(epstopdf)                    date: 2018-11-27 10:08:43
(epstopdf)                    size: 7664682 bytes
(epstopdf)             Output file: <MCOR_Paper/eit_195-eps-converted-to.pdf>
(epstopdf)                    date: 2018-12-06 15:52:55
(epstopdf)                    size: 368788 bytes
(epstopdf)             Command: <repstopdf --outfile=MCOR_Paper/eit_195-eps-con
verted-to.pdf MCOR_Paper/eit_195.eps>
(epstopdf)             \includegraphics on input line 147.
Package epstopdf Info: Output file is already uptodate.

<MCOR_Paper/eit_195-eps-converted-to.pdf, id=1039, 642.4pt x 513.92pt>
File: MCOR_Paper/eit_195-eps-converted-to.pdf Graphic file (type pdf)

<use MCOR_Paper/eit_195-eps-converted-to.pdf>
Package pdftex.def Info: MCOR_Paper/eit_195-eps-converted-to.pdf used on input 
line 147.
(pdftex.def)             Requested size: 433.62001pt x 189.41473pt.
Package epstopdf Info: Source file: <MCOR_Paper/eit_284.eps>
(epstopdf)                    date: 2018-11-27 10:08:43
(epstopdf)                    size: 7806071 bytes
(epstopdf)             Output file: <MCOR_Paper/eit_284-eps-converted-to.pdf>
(epstopdf)                    date: 2018-12-06 15:52:57
(epstopdf)                    size: 417774 bytes
(epstopdf)             Command: <repstopdf --outfile=MCOR_Paper/eit_284-eps-con
verted-to.pdf MCOR_Paper/eit_284.eps>
(epstopdf)             \includegraphics on input line 152.
Package epstopdf Info: Output file is already uptodate.

<MCOR_Paper/eit_284-eps-converted-to.pdf, id=1041, 642.4pt x 513.92pt>
File: MCOR_Paper/eit_284-eps-converted-to.pdf Graphic file (type pdf)

<use MCOR_Paper/eit_284-eps-converted-to.pdf>
Package pdftex.def Info: MCOR_Paper/eit_284-eps-converted-to.pdf used on input 
line 152.
(pdftex.def)             Requested size: 433.62001pt x 189.41473pt.
Package epstopdf Info: Source file: <MCOR_Paper/eit_304.eps>
(epstopdf)                    date: 2018-11-27 10:08:44
(epstopdf)                    size: 7753808 bytes
(epstopdf)             Output file: <MCOR_Paper/eit_304-eps-converted-to.pdf>
(epstopdf)                    date: 2018-12-06 15:52:59
(epstopdf)                    size: 489171 bytes
(epstopdf)             Command: <repstopdf --outfile=MCOR_Paper/eit_304-eps-con
verted-to.pdf MCOR_Paper/eit_304.eps>
(epstopdf)             \includegraphics on input line 157.
Package epstopdf Info: Output file is already uptodate.

<MCOR_Paper/eit_304-eps-converted-to.pdf, id=1043, 642.4pt x 513.92pt>
File: MCOR_Paper/eit_304-eps-converted-to.pdf Graphic file (type pdf)

<use MCOR_Paper/eit_304-eps-converted-to.pdf>
Package pdftex.def Info: MCOR_Paper/eit_304-eps-converted-to.pdf used on input 
line 157.
(pdftex.def)             Requested size: 433.62001pt x 222.06502pt.


LaTeX Warning: Float too large for page by 237.45847pt on input line 164.

[38] [39 <./MCOR_Paper/super_zero-eps-converted-to.pdf> <./MCOR_Paper/super_plu
s-eps-converted-to.pdf> <./MCOR_Paper/super_pz-eps-converted-to.pdf>]
Package acronym Info: Label `acro:SOHO' newly defined as it shall be overridden

although it is yet undefined on input line 166.
Package acronym Info: Label `acro:EIT' newly defined as it shall be overridden
although it is yet undefined on input line 166.

<MCOR_Paper/methods_fig_1.pdf, id=1103, 220.06114pt x 231.03415pt>
File: MCOR_Paper/methods_fig_1.pdf Graphic file (type pdf)

<use MCOR_Paper/methods_fig_1.pdf>
Package pdftex.def Info: MCOR_Paper/methods_fig_1.pdf used on input line 184.
(pdftex.def)             Requested size: 330.09091pt x 346.55035pt.
 [40] [41 <./MCOR_Paper/eit_171-eps-converted-to.pdf> <./MCOR_Paper/eit_195-eps
-converted-to.pdf> <./MCOR_Paper/eit_284-eps-converted-to.pdf> <./MCOR_Paper/ei
t_304-eps-converted-to.pdf>]
<MCOR_Paper/methods_fig_2.pdf, id=1152, 220.11534pt x 268.33247pt>
File: MCOR_Paper/methods_fig_2.pdf Graphic file (type pdf)

<use MCOR_Paper/methods_fig_2.pdf>
Package pdftex.def Info: MCOR_Paper/methods_fig_2.pdf used on input line 190.
(pdftex.def)             Requested size: 330.17218pt x 402.4977pt.

<MCOR_Paper/images/sigtest_5.pdf, id=1158, 794.97pt x 614.295pt>
File: MCOR_Paper/images/sigtest_5.pdf Graphic file (type pdf)

<use MCOR_Paper/images/sigtest_5.pdf>
Package pdftex.def Info: MCOR_Paper/images/sigtest_5.pdf used on input line 219
.
(pdftex.def)             Requested size: 433.62001pt x 335.07939pt.
 [42] [43 <./MCOR_Paper/methods_fig_1.pdf>] [44 <./MCOR_Paper/methods_fig_2.pdf
>] [45 <./MCOR_Paper/images/sigtest_5.pdf, page is rotated 90 degrees>] [46] [4
7] [48] [49]
<MCOR_Paper/images/sigtestpower.pdf, id=1653, 794.97pt x 614.295pt>
File: MCOR_Paper/images/sigtestpower.pdf Graphic file (type pdf)

<use MCOR_Paper/images/sigtestpower.pdf>
Package pdftex.def Info: MCOR_Paper/images/sigtestpower.pdf used on input line 
278.
(pdftex.def)             Requested size: 433.62001pt x 335.07939pt.

<MCOR_Paper/images/sigtestauto.pdf, id=1654, 794.97pt x 614.295pt>
File: MCOR_Paper/images/sigtestauto.pdf Graphic file (type pdf)

<use MCOR_Paper/images/sigtestauto.pdf>
Package pdftex.def Info: MCOR_Paper/images/sigtestauto.pdf used on input line 2
84.
(pdftex.def)             Requested size: 433.62001pt x 335.07939pt.
 [50 <./MCOR_Paper/images/sigtestpower.pdf, page is rotated 90 degrees>] [51 <.
/MCOR_Paper/images/sigtestauto.pdf, page is rotated 90 degrees>] [52]) [53]
\openout2 = `ESIS_Mission/ESIS_Mission.aux'.

 (./ESIS_Mission/ESIS_Mission.tex
*****************  Chapter 4. First Flight of the EUV Snapshot Imaging Spectrom
eter (ESIS)  *****************
) [54



]
\openout2 = `conclusion.aux'.

 (./conclusion.tex
*****************  Chapter 5. Conclusion  *****************
) [55



]
***************** References Cited******************
(./main.bbl [56



] [57]) [58]
\openout2 = `ESIS_Assembly/ESIS_Assembly.aux'.

 (./ESIS_Assembly/ESIS_Assembly.tex
LaTeX Info: Redefining \\ on input line 1.
) [59


]
Package atveryend Info: Empty hook `BeforeClearDocument' on input line 195.
Package atveryend Info: Empty hook `AfterLastShipout' on input line 195.

(./main.aux (./introduction.aux) (./ParkerLongcope2017/ParkerLongcope2017.aux)
(./MCOR_Paper/ParkerKankelborg2018.aux) (./ESIS_Mission/ESIS_Mission.aux)
(./conclusion.aux) (./ESIS_Assembly/ESIS_Assembly.aux))
Package atveryend Info: Executing hook `AtVeryEndDocument' on input line 195.
Package atveryend Info: Executing hook `AtEndAfterFileList' on input line 195.
Package rerunfilecheck Info: File `main.out' has not changed.
(rerunfilecheck)             Checksum: 9B2343427011A42E027D1B5D3676D47D;2508.


LaTeX Warning: There were undefined references.

 ) 
Here is how much of TeX's memory you used:
 23383 strings out of 493029
 431653 string characters out of 6136234
 663935 words of memory out of 5000000
 26115 multiletter control sequences out of 15000+600000
 9199 words of font info for 34 fonts, out of 8000000 for 9000
 1141 hyphenation exceptions out of 8191
 59i,22n,94p,1760b,777s stack positions out of 5000i,500n,10000p,200000b,80000s
</usr/share/texlive/texmf-dist/fonts/type1/public/amsfonts/cm/cmbsy10.pfb></u
sr/share/texlive/texmf-dist/fonts/type1/public/amsfonts/cmextra/cmbsy5.pfb></us
r/share/texlive/texmf-dist/fonts/type1/public/amsfonts/cm/cmbx12.pfb></usr/shar
e/texlive/texmf-dist/fonts/type1/public/amsfonts/cm/cmcsc10.pfb></usr/share/tex
live/texmf-dist/fonts/type1/public/amsfonts/cm/cmex10.pfb></usr/share/texlive/t
exmf-dist/fonts/type1/public/amsfonts/cmextra/cmex7.pfb></usr/share/texlive/tex
mf-dist/fonts/type1/public/amsfonts/cm/cmmi12.pfb></usr/share/texlive/texmf-dis
t/fonts/type1/public/amsfonts/cm/cmmi6.pfb></usr/share/texlive/texmf-dist/fonts
/type1/public/amsfonts/cm/cmmi8.pfb></usr/share/texlive/texmf-dist/fonts/type1/
public/amsfonts/cm/cmr12.pfb></usr/share/texlive/texmf-dist/fonts/type1/public/
amsfonts/cm/cmr5.pfb></usr/share/texlive/texmf-dist/fonts/type1/public/amsfonts
/cm/cmr6.pfb></usr/share/texlive/texmf-dist/fonts/type1/public/amsfonts/cm/cmr8
.pfb></usr/share/texlive/texmf-dist/fonts/type1/public/amsfonts/cm/cmsy10.pfb><
/usr/share/texlive/texmf-dist/fonts/type1/public/amsfonts/cm/cmsy6.pfb></usr/sh
are/texlive/texmf-dist/fonts/type1/public/amsfonts/cm/cmsy8.pfb></usr/share/tex
live/texmf-dist/fonts/type1/public/amsfonts/cm/cmti12.pfb></usr/share/texlive/t
exmf-dist/fonts/type1/public/amsfonts/cm/cmtt12.pfb>
Output written on main.pdf (70 pages, 6217783 bytes).
PDF statistics:
 1824 PDF objects out of 2073 (max. 8388607)
 1308 compressed objects within 14 object streams
 267 named destinations out of 1000 (max. 500000)
 524 words of extra memory for PDF output out of 10000 (max. 10000000)

