This is pdfTeX, Version 3.14159265-2.6-1.40.16 (TeX Live 2015/Debian) (preloaded format=pdflatex 2017.11.27)  26 FEB 2018 20:27
entering extended mode
 restricted \write18 enabled.
 %&-line parsing enabled.
**ParkerLongcope2017.tex
(./ParkerLongcope2017.tex
LaTeX2e <2016/02/01>
Babel <3.9q> and hyphenation patterns for 81 language(s) loaded.
(./aastex6.cls
Document Class: aastex6 2016/01/04 1.0/AAS markup document class
Class aastex6 Info: 
 
 Original \LaTeX2.09 style by Chris Biemesderfer (chris@seagoat.com). 
 Adapted to \LaTeXe by A. Ogawa (ogawa@teleport.com)
 emulateapj.cls included, Copyright 2000-2015 Alexey Vikhlinin 
 Rewrite and update of emulateapj.cls, revised and enhanced with table macros, 
gridlines, draft watermark,
 ORCID identifier and more, by Amy Hendrickson,
 (amyh@texnology.com, http://www.texnology.com) 
 
  on input line 106.
\bibbaselineskip=\skip41
(/usr/share/texlive/texmf-dist/tex/latex/lineno/lineno.sty
Package: lineno 2005/11/02 line numbers on paragraphs v4.41
\linenopenalty=\count79
\output=\toks14
\linenoprevgraf=\count80
\linenumbersep=\dimen102
\linenumberwidth=\dimen103
\c@linenumber=\count81
\c@pagewiselinenumber=\count82
\c@LN@truepage=\count83
\c@internallinenumber=\count84
\c@internallinenumbers=\count85
\quotelinenumbersep=\dimen104
\bframerule=\dimen105
\bframesep=\dimen106
\bframebox=\box26
LaTeX Info: Redefining \\ on input line 3056.
)
(/usr/share/texlive/texmf-dist/tex/latex/revtex/revtex4-1.cls
Document Class: revtex4-1 2010/07/25/20:33:00 4.1r (http://publish.aps.org/revt
ex4/ for documentation)
 Copyright (c) 2009 The American Physical Society.
 mailto:revtex@aps.org
 Licensed under the LPPL:
http://www.ctan.org/tex-archive/macros/latex/base/lppl.txt
 Arthur Ogawa <arthur_ogawa at sbcglobal dot net>
 Based on work by David Carlisle <david at dcarlisle.demon.co.uk>.
ltxutil[2010/07/25/20:33:00 4.1r utilities package (portions licensed from W. E
. Baxter web at superscript.com)]
LaTeX Info: Redefining \@centercr on input line 308.
Class revtex4-1 Info: Repairing hyperref-unfriendly LaTeX definition of \mpfoot
note on input line 433.
Class revtex4-1 Info: Repairing broken LateX \@sect on input line 755.
\intertabularlinepenalty=\count86
\@tbpen=\count87
\@arstrutbox@hline=\box27
Class revtex4-1 Info: Repairing broken LaTeX \@xbitor on input line 1786.
Class revtex4-1 Info: Making \typeout \long on input line 2046.
ltxfront[2010/07/25/20:33:00 4.1r frontmatter package (AO,DPC)]
\c@affil=\count88
\c@collab=\count89
\absbox=\box28
ltxgrid[2010/07/25/20:33:00 4.1r page grid package (portions licensed from W. E
. Baxter web at superscript.com)]
\c@linecount=\count90
\output@latex=\toks15
\box@size@1=\box29
\box@size@2=\box30
\@protection@box=\box31
\@topmark@saved=\toks16
\footins@saved=\box32
\footins@recovered=\box33
\column@recovered=\box34
\pagesofar=\box35
\footsofar=\box36
\pagegrid@col=\count91

Class revtex4-1 Warning: Failed to recognize \@vspace, \@vspacer, \@no@pgbk, \@
newline, and \\; no patches applied. Please get a more up-to-date class, .

\c@part=\count92
\c@section=\count93
\c@subsection=\count94
\c@subsubsection=\count95
\c@paragraph=\count96
\c@subparagraph=\count97
\abovecaptionskip=\skip42
\belowcaptionskip=\skip43
\c@figure=\count98
\fbox@1=\box37
\c@table=\count99
\fbox@2=\box38
\c@video=\count100
\fbox@4=\box39
\@bibdataout=\write3
\widetext@top=\box40
\widetext@bot=\box41
Class revtex4-1 Info: Selecting society aps on input line 7542.
(/usr/share/texlive/texmf-dist/tex/latex/revtex/aps4-1.rtx
File: aps4-1 2010/07/25/20:33:00 4.1r (http://publish.aps.org/revtex4/ for docu
mentation)
Class revtex4-1 Info: RevTeX society APS selected on input line 31.
)
Class revtex4-1 Info: Selecting journal pra on input line 7544.
Class revtex4-1 Info: APS journal PRA selected on input line 7545.

(/usr/share/texlive/texmf-dist/tex/latex/revtex/aps10pt4-1.rtx
File: aps10pt4-1 2010/07/25/20:33:00 4.1r (http://publish.aps.org/revtex4/ for 
documentation)
Class revtex4-1 Info: RevTeX pointsize 10pt selected on input line 30.
)
(/usr/share/texlive/texmf-dist/tex/latex/textcase/textcase.sty
Package: textcase 2004/10/07 v0.07 Text only upper/lower case changing (DPC)
)
(/usr/share/texlive/texmf-dist/tex/latex/url/url.sty
\Urlmuskip=\muskip10
Package: url 2013/09/16  ver 3.4  Verb mode for urls, etc.
)
(/usr/share/texlive/texmf-dist/tex/latex/natbib/natbib.sty
Package: natbib 2010/09/13 8.31b (PWD, AO)
\bibhang=\skip44
\bibsep=\skip45
LaTeX Info: Redefining \cite on input line 694.
\c@NAT@ctr=\count101
)
Class revtex4-1 Info: Repairing natbib's \BibitemShut on input line 7549.

(/usr/share/texlive/texmf-dist/tex/latex/revtex/revsymb4-1.sty
Package: revsymb4-1 2010/07/25/20:33:00 4.1r (http://publish.aps.org/revtex4/ f
or documentation)
LaTeX Info: Redefining \REV@mathfrak on input line 119.
))
(/usr/share/texlive/texmf-dist/tex/latex/base/latexsym.sty
Package: latexsym 1998/08/17 v2.2e Standard LaTeX package (lasy symbols)
\symlasy=\mathgroup4
LaTeX Font Info:    Overwriting symbol font `lasy' in version `bold'
(Font)                  U/lasy/m/n --> U/lasy/b/n on input line 52.
)
(/usr/share/texlive/texmf-dist/tex/latex/graphics/graphicx.sty
Package: graphicx 2014/10/28 v1.0g Enhanced LaTeX Graphics (DPC,SPQR)

(/usr/share/texlive/texmf-dist/tex/latex/graphics/keyval.sty
Package: keyval 2014/10/28 v1.15 key=value parser (DPC)
\KV@toks@=\toks17
)
(/usr/share/texlive/texmf-dist/tex/latex/graphics/graphics.sty
Package: graphics 2016/01/03 v1.0q Standard LaTeX Graphics (DPC,SPQR)

(/usr/share/texlive/texmf-dist/tex/latex/graphics/trig.sty
Package: trig 2016/01/03 v1.10 sin cos tan (DPC)
)
(/usr/share/texlive/texmf-dist/tex/latex/latexconfig/graphics.cfg
File: graphics.cfg 2010/04/23 v1.9 graphics configuration of TeX Live
)
Package graphics Info: Driver file: pdftex.def on input line 95.

(/usr/share/texlive/texmf-dist/tex/latex/pdftex-def/pdftex.def
File: pdftex.def 2011/05/27 v0.06d Graphics/color for pdfTeX

(/usr/share/texlive/texmf-dist/tex/generic/oberdiek/infwarerr.sty
Package: infwarerr 2010/04/08 v1.3 Providing info/warning/error messages (HO)
)
(/usr/share/texlive/texmf-dist/tex/generic/oberdiek/ltxcmds.sty
Package: ltxcmds 2011/11/09 v1.22 LaTeX kernel commands for general use (HO)
)
\Gread@gobject=\count102
))
\Gin@req@height=\dimen107
\Gin@req@width=\dimen108
)
(/usr/share/texlive/texmf-dist/tex/latex/amsfonts/amssymb.sty
Package: amssymb 2013/01/14 v3.01 AMS font symbols

(/usr/share/texlive/texmf-dist/tex/latex/amsfonts/amsfonts.sty
Package: amsfonts 2013/01/14 v3.01 Basic AMSFonts support
\@emptytoks=\toks18
\symAMSa=\mathgroup5
\symAMSb=\mathgroup6
LaTeX Font Info:    Overwriting math alphabet `\mathfrak' in version `bold'
(Font)                  U/euf/m/n --> U/euf/b/n on input line 106.
LaTeX Info: Redefining \frak on input line 111.
LaTeX Info: Redefining \Bbb on input line 113.
))
(/usr/share/texlive/texmf-dist/tex/generic/epsf/epsf.sty
This is `epsf.tex' v2.7.4 <14 February 2011>
\epsffilein=\read1
\epsfframemargin=\dimen109
\epsfframethickness=\dimen110
\epsfrsize=\dimen111
\epsftmp=\dimen112
\epsftsize=\dimen113
\epsfxsize=\dimen114
\epsfysize=\dimen115
\pspoints=\dimen116
)
\c@front@matter@foot@note=\count103
\alt@affil@toks=\toks19
\alt@affil@toks@count=\toks20
\keys@width=\skip46
\c@lastfootnote=\count104
\c@remember@figure@num=\count105
\c@remember@table@num=\count106
\bibindent=\dimen117
\plot@width=\skip47
\c@table@save=\count107
\@abovenoteskip=\dimen118
\table@note@skip=\skip48
\deluxe@table@width=\skip49
\@d@t@a=\skip50
\c@deluxe@table@num=\count108
\LTcapwidth=\dimen119
\c@LT@tables=\count109
\abovedeluxetableskip=\skip51
\belowdeluxetableskip=\skip52
\lastrowheight=\dimen120
\DT@p@ftn=\toks21
\pt@column=\count110
\pt@ncol=\count111
 (/usr/share/texlive/texmf-dist/tex/latex/hyperref/hyperref.sty
Package: hyperref 2012/11/06 v6.83m Hypertext links for LaTeX

(/usr/share/texlive/texmf-dist/tex/generic/oberdiek/hobsub-hyperref.sty
Package: hobsub-hyperref 2012/05/28 v1.13 Bundle oberdiek, subset hyperref (HO)


(/usr/share/texlive/texmf-dist/tex/generic/oberdiek/hobsub-generic.sty
Package: hobsub-generic 2012/05/28 v1.13 Bundle oberdiek, subset generic (HO)
Package: hobsub 2012/05/28 v1.13 Construct package bundles (HO)
Package hobsub Info: Skipping package `infwarerr' (already loaded).
Package hobsub Info: Skipping package `ltxcmds' (already loaded).
Package: ifluatex 2010/03/01 v1.3 Provides the ifluatex switch (HO)
Package ifluatex Info: LuaTeX not detected.
Package: ifvtex 2010/03/01 v1.5 Detect VTeX and its facilities (HO)
Package ifvtex Info: VTeX not detected.
Package: intcalc 2007/09/27 v1.1 Expandable calculations with integers (HO)
Package: ifpdf 2011/01/30 v2.3 Provides the ifpdf switch (HO)
Package ifpdf Info: pdfTeX in PDF mode is detected.
Package: etexcmds 2011/02/16 v1.5 Avoid name clashes with e-TeX commands (HO)
Package etexcmds Info: Could not find \expanded.
(etexcmds)             That can mean that you are not using pdfTeX 1.50 or
(etexcmds)             that some package has redefined \expanded.
(etexcmds)             In the latter case, load this package earlier.
Package: kvsetkeys 2012/04/25 v1.16 Key value parser (HO)
Package: kvdefinekeys 2011/04/07 v1.3 Define keys (HO)
Package: pdftexcmds 2011/11/29 v0.20 Utility functions of pdfTeX for LuaTeX (HO
)
Package pdftexcmds Info: LuaTeX not detected.
Package pdftexcmds Info: \pdf@primitive is available.
Package pdftexcmds Info: \pdf@ifprimitive is available.
Package pdftexcmds Info: \pdfdraftmode found.
Package: pdfescape 2011/11/25 v1.13 Implements pdfTeX's escape features (HO)
Package: bigintcalc 2012/04/08 v1.3 Expandable calculations on big integers (HO
)
Package: bitset 2011/01/30 v1.1 Handle bit-vector datatype (HO)
Package: uniquecounter 2011/01/30 v1.2 Provide unlimited unique counter (HO)
)
Package hobsub Info: Skipping package `hobsub' (already loaded).
Package: letltxmacro 2010/09/02 v1.4 Let assignment for LaTeX macros (HO)
Package: hopatch 2012/05/28 v1.2 Wrapper for package hooks (HO)
Package: xcolor-patch 2011/01/30 xcolor patch
Package: atveryend 2011/06/30 v1.8 Hooks at the very end of document (HO)
Package: atbegshi 2011/10/05 v1.16 At begin shipout hook (HO)
Package: refcount 2011/10/16 v3.4 Data extraction from label references (HO)
Package: hycolor 2011/01/30 v1.7 Color options for hyperref/bookmark (HO)
)
(/usr/share/texlive/texmf-dist/tex/generic/ifxetex/ifxetex.sty
Package: ifxetex 2010/09/12 v0.6 Provides ifxetex conditional
)
(/usr/share/texlive/texmf-dist/tex/latex/oberdiek/auxhook.sty
Package: auxhook 2011/03/04 v1.3 Hooks for auxiliary files (HO)
)
(/usr/share/texlive/texmf-dist/tex/latex/oberdiek/kvoptions.sty
Package: kvoptions 2011/06/30 v3.11 Key value format for package options (HO)
)
\@linkdim=\dimen121
\Hy@linkcounter=\count112
\Hy@pagecounter=\count113

(/usr/share/texlive/texmf-dist/tex/latex/hyperref/pd1enc.def
File: pd1enc.def 2012/11/06 v6.83m Hyperref: PDFDocEncoding definition (HO)
)
\Hy@SavedSpaceFactor=\count114

(/usr/share/texlive/texmf-dist/tex/latex/latexconfig/hyperref.cfg
File: hyperref.cfg 2002/06/06 v1.2 hyperref configuration of TeXLive
)
Package hyperref Info: Option `bookmarks' set `false' on input line 4319.
Package hyperref Info: Option `pdfnewwindow' set `true' on input line 4319.
Package hyperref Info: Option `colorlinks' set `true' on input line 4319.
Package hyperref Info: Hyper figures OFF on input line 4443.
Package hyperref Info: Link nesting OFF on input line 4448.
Package hyperref Info: Hyper index ON on input line 4451.
Package hyperref Info: Plain pages OFF on input line 4458.
Package hyperref Info: Backreferencing OFF on input line 4463.
Package hyperref Info: Implicit mode ON; LaTeX internals redefined.
Package hyperref Info: Bookmarks OFF on input line 4694.
LaTeX Info: Redefining \href on input line 4952.
\c@Hy@tempcnt=\count115
LaTeX Info: Redefining \url on input line 5041.
\XeTeXLinkMargin=\dimen122
\Fld@menulength=\count116
\Field@Width=\dimen123
\Fld@charsize=\dimen124
Package hyperref Info: Hyper figures OFF on input line 6295.
Package hyperref Info: Link nesting OFF on input line 6300.
Package hyperref Info: Hyper index ON on input line 6303.
Package hyperref Info: backreferencing OFF on input line 6310.
Package hyperref Info: Link coloring ON on input line 6313.
Package hyperref Info: Link coloring with OCG OFF on input line 6320.
Package hyperref Info: PDF/A mode OFF on input line 6325.
LaTeX Info: Redefining \ref on input line 6365.
LaTeX Info: Redefining \pageref on input line 6369.
\Hy@abspage=\count117
\c@Item=\count118
\c@Hfootnote=\count119
)

Package hyperref Message: Driver (autodetected): hpdftex.

(/usr/share/texlive/texmf-dist/tex/latex/hyperref/hpdftex.def
File: hpdftex.def 2012/11/06 v6.83m Hyperref driver for pdfTeX
\Fld@listcount=\count120
\c@bookmark@seq@number=\count121

(/usr/share/texlive/texmf-dist/tex/latex/oberdiek/rerunfilecheck.sty
Package: rerunfilecheck 2011/04/15 v1.7 Rerun checks for auxiliary files (HO)
Package uniquecounter Info: New unique counter `rerunfilecheck' on input line 2
82.
)
\Hy@SectionHShift=\skip53
)
(/usr/share/texlive/texmf-dist/tex/latex/xcolor/xcolor.sty
Package: xcolor 2007/01/21 v2.11 LaTeX color extensions (UK)

(/usr/share/texlive/texmf-dist/tex/latex/latexconfig/color.cfg
File: color.cfg 2007/01/18 v1.5 color configuration of teTeX/TeXLive
)
Package xcolor Info: Driver file: pdftex.def on input line 225.
Package xcolor Info: Model `cmy' substituted by `cmy0' on input line 1337.
Package xcolor Info: Model `hsb' substituted by `rgb' on input line 1341.
Package xcolor Info: Model `RGB' extended on input line 1353.
Package xcolor Info: Model `HTML' substituted by `rgb' on input line 1355.
Package xcolor Info: Model `Hsb' substituted by `hsb' on input line 1356.
Package xcolor Info: Model `tHsb' substituted by `hsb' on input line 1357.
Package xcolor Info: Model `HSB' substituted by `hsb' on input line 1358.
Package xcolor Info: Model `Gray' substituted by `gray' on input line 1359.
Package xcolor Info: Model `wave' substituted by `hsb' on input line 1360.
)
(/usr/share/texlive/texmf-dist/tex/latex/tools/array.sty
Package: array 2014/10/28 v2.4c Tabular extension package (FMi)
\col@sep=\dimen125
\extrarowheight=\dimen126
\NC@list=\toks22
\extratabsurround=\skip54
\backup@length=\skip55
)
\colcount=\count122
\firstcolcount=\count123
\secondcolcount=\count124
\thirdcolcount=\count125
\columncount=\count126
\howmanyDs=\count127
\firsthowmanyDs=\count128
\secondhowmanyDs=\count129
\PartsOfTable=\count130
\columnoneandtwo=\count131
\colnumsused=\count132
\loopnum=\count133
\totalcolumncount=\count134
\totalcolumns=\count135
\firsttablebox=\box42
\secondtablebox=\box43
\thirdtablebox=\box44
\splitbox=\box45
\maxtablewidth=\dimen127
\savetabskip=\dimen128
\tempcounter=\count136
\colheadcount=\count137
\colorcount=\count138

(/usr/share/texlive/texmf-dist/tex/generic/ulem/ulem.sty
\UL@box=\box46
\UL@hyphenbox=\box47
\UL@skip=\skip56
\UL@hook=\toks23
\UL@height=\dimen129
\UL@pe=\count139
\UL@pixel=\dimen130
\ULC@box=\box48
Package: ulem 2012/05/18
\ULdepth=\dimen131
)
\changenumber=\count140
\refchangenumber=\count141
\listchangenum=\count142
\AuthorCallLimit=\count143
\authorcount=\count144
\endauthorcount=\count145
\affilnum=\count146
\curraffilnum=\count147
\tempaffilnum=\count148
\affilcount=\count149
)
(/usr/share/texlive/texmf-dist/tex/latex/amsmath/amsmath.sty
Package: amsmath 2016/03/03 v2.15a AMS math features
\@mathmargin=\skip57

For additional information on amsmath, use the `?' option.
(/usr/share/texlive/texmf-dist/tex/latex/amsmath/amstext.sty
Package: amstext 2000/06/29 v2.01 AMS text

(/usr/share/texlive/texmf-dist/tex/latex/amsmath/amsgen.sty
File: amsgen.sty 1999/11/30 v2.0 generic functions
\@emptytoks=\toks24
\ex@=\dimen132
)
LaTeX Info: Redefining \text on input line 28.
)
(/usr/share/texlive/texmf-dist/tex/latex/amsmath/amsbsy.sty
Package: amsbsy 1999/11/29 v1.2d Bold Symbols
\pmbraise@=\dimen133
)
(/usr/share/texlive/texmf-dist/tex/latex/amsmath/amsopn.sty
Package: amsopn 1999/12/14 v2.01 operator names
)
\inf@bad=\count150
LaTeX Info: Redefining \frac on input line 199.
\uproot@=\count151
\leftroot@=\count152
LaTeX Info: Redefining \overline on input line 297.
\classnum@=\count153
\DOTSCASE@=\count154
LaTeX Info: Redefining \ldots on input line 394.
LaTeX Info: Redefining \dots on input line 397.
LaTeX Info: Redefining \cdots on input line 518.
\Mathstrutbox@=\box49
\strutbox@=\box50
\big@size=\dimen134
LaTeX Font Info:    Redeclaring font encoding OML on input line 630.
LaTeX Font Info:    Redeclaring font encoding OMS on input line 631.
\macc@depth=\count155
\c@MaxMatrixCols=\count156
\dotsspace@=\muskip11
\c@parentequation=\count157
\dspbrk@lvl=\count158
\tag@help=\toks25
\row@=\count159
\column@=\count160
\maxfields@=\count161
\andhelp@=\toks26
\eqnshift@=\dimen135
\alignsep@=\dimen136
\tagshift@=\dimen137
\tagwidth@=\dimen138
\totwidth@=\dimen139
\lineht@=\dimen140
\@envbody=\toks27
\multlinegap=\skip58
\multlinetaggap=\skip59
\mathdisplay@stack=\toks28
LaTeX Info: Redefining \[ on input line 2735.
LaTeX Info: Redefining \] on input line 2736.
)
(/usr/share/texlive/texmf-dist/tex/latex/oberdiek/epstopdf.sty
Package: epstopdf 2010/02/09 v2.5 Conversion with epstopdf on the fly (HO)

(/usr/share/texlive/texmf-dist/tex/latex/oberdiek/epstopdf-base.sty
Package: epstopdf-base 2010/02/09 v2.5 Base part for package epstopdf

(/usr/share/texlive/texmf-dist/tex/latex/oberdiek/grfext.sty
Package: grfext 2010/08/19 v1.1 Manage graphics extensions (HO)
)
Package grfext Info: Graphics extension search list:
(grfext)             [.png,.pdf,.jpg,.mps,.jpeg,.jbig2,.jb2,.PNG,.PDF,.JPG,.JPE
G,.JBIG2,.JB2,.eps]
(grfext)             \AppendGraphicsExtensions on input line 452.

(/usr/share/texlive/texmf-dist/tex/latex/latexconfig/epstopdf-sys.cfg
File: epstopdf-sys.cfg 2010/07/13 v1.3 Configuration of (r)epstopdf for TeX Liv
e
)))
Class revtex4-1 Info: Unrecognized array package. Please update this document c
lass! (Proceeding with fingers crossed.) on input line 12.
Class revtex4-1 Info: Robustifying \LaTeX's \boldmath command on input line 12.

Class revtex4-1 Info: cite was not loaded (OK!) on input line 12.
Class revtex4-1 Info: mcite was not loaded (OK!) on input line 12.
Class revtex4-1 Info: multicol was not loaded (OK!) on input line 12.

(./ParkerLongcope2017.aux)
\openout1 = `ParkerLongcope2017.aux'.

LaTeX Font Info:    Checking defaults for OML/cmm/m/it on input line 12.
LaTeX Font Info:    ... okay on input line 12.
LaTeX Font Info:    Checking defaults for T1/cmr/m/n on input line 12.
LaTeX Font Info:    ... okay on input line 12.
LaTeX Font Info:    Checking defaults for OT1/cmr/m/n on input line 12.
LaTeX Font Info:    ... okay on input line 12.
LaTeX Font Info:    Checking defaults for OMS/cmsy/m/n on input line 12.
LaTeX Font Info:    ... okay on input line 12.
LaTeX Font Info:    Checking defaults for OMX/cmex/m/n on input line 12.
LaTeX Font Info:    ... okay on input line 12.
LaTeX Font Info:    Checking defaults for U/cmr/m/n on input line 12.
LaTeX Font Info:    ... okay on input line 12.
LaTeX Font Info:    Checking defaults for PD1/pdf/m/n on input line 12.
LaTeX Font Info:    ... okay on input line 12.

(/usr/share/texlive/texmf-dist/tex/context/base/supp-pdf.mkii
[Loading MPS to PDF converter (version 2006.09.02).]
\scratchcounter=\count162
\scratchdimen=\dimen141
\scratchbox=\box51
\nofMPsegments=\count163
\nofMParguments=\count164
\everyMPshowfont=\toks29
\MPscratchCnt=\count165
\MPscratchDim=\dimen142
\MPnumerator=\count166
\makeMPintoPDFobject=\count167
\everyMPtoPDFconversion=\toks30
)
\AtBeginShipoutBox=\box52
Package hyperref Info: Link coloring ON on input line 12.
 (/usr/share/texlive/texmf-dist/tex/latex/hyperref/nameref.sty
Package: nameref 2012/10/27 v2.43 Cross-referencing by name of section

(/usr/share/texlive/texmf-dist/tex/generic/oberdiek/gettitlestring.sty
Package: gettitlestring 2010/12/03 v1.4 Cleanup title references (HO)
)
\c@section@level=\count168
)
LaTeX Info: Redefining \ref on input line 12.
LaTeX Info: Redefining \pageref on input line 12.
LaTeX Info: Redefining \nameref on input line 12.
Class revtex4-1 Info: Taking \maketitle back from hyperref on input line 12.
Class revtex4-1 Info: Overriding lineo.sty, restoring output routine, on input 
line 12.
Class revtex4-1 Info: Line numbering not turned on yet on input line 12.
\openout3 = `ParkerLongcope2017Notes.bib'.

Class revtex4-1 Info: Overriding \@LN@LLerror on input line 12.
LaTeX Font Info:    Try loading font information for U+lasy on input line 43.

(/usr/share/texlive/texmf-dist/tex/latex/base/ulasy.fd
File: ulasy.fd 1998/08/17 v2.2e LaTeX symbol font definitions
)
LaTeX Font Info:    Try loading font information for U+msa on input line 43.

(/usr/share/texlive/texmf-dist/tex/latex/amsfonts/umsa.fd
File: umsa.fd 2013/01/14 v3.01 AMS symbols A
)
LaTeX Font Info:    Try loading font information for U+msb on input line 43.

(/usr/share/texlive/texmf-dist/tex/latex/amsfonts/umsb.fd
File: umsb.fd 2013/01/14 v3.01 AMS symbols B
) [1{/var/lib/texmf/fonts/map/pdftex/updmap/pdftex.map}]
Package epstopdf Info: Source file: <./sji_context.eps>
(epstopdf)                    date: 2016-12-01 13:17:14
(epstopdf)                    size: 47981 bytes
(epstopdf)             Output file: <./sji_context-eps-converted-to.pdf>
(epstopdf)                    date: 2016-12-02 13:04:46
(epstopdf)                    size: 28446 bytes
(epstopdf)             Command: <repstopdf --outfile=./sji_context-eps-converte
d-to.pdf ./sji_context.eps>
(epstopdf)             \includegraphics on input line 67.
Package epstopdf Info: Output file is already uptodate.

<./sji_context-eps-converted-to.pdf, id=113, 667.49374pt x 255.95625pt>
File: ./sji_context-eps-converted-to.pdf Graphic file (type pdf)

<use ./sji_context-eps-converted-to.pdf>
Package pdftex.def Info: ./sji_context-eps-converted-to.pdf used on input line 
67.
(pdftex.def)             Requested size: 469.75499pt x 180.13672pt.
Package epstopdf Info: Source file: <./fig11.eps>
(epstopdf)                    date: 2016-12-02 10:24:04
(epstopdf)                    size: 49439 bytes
(epstopdf)             Output file: <./fig11-eps-converted-to.pdf>
(epstopdf)                    date: 2016-12-02 13:04:46
(epstopdf)                    size: 19573 bytes
(epstopdf)             Command: <repstopdf --outfile=./fig11-eps-converted-to.p
df ./fig11.eps>
(epstopdf)             \includegraphics on input line 76.
Package epstopdf Info: Output file is already uptodate.

<./fig11-eps-converted-to.pdf, id=119, 289.08pt x 505.89pt>
File: ./fig11-eps-converted-to.pdf Graphic file (type pdf)

<use ./fig11-eps-converted-to.pdf>
Package pdftex.def Info: ./fig11-eps-converted-to.pdf used on input line 76.
(pdftex.def)             Requested size: 247.7879pt x 433.62pt.
 [2 <./sji_context-eps-converted-to.pdf>]
[3 <./fig11-eps-converted-to.pdf>] [4] [5] [6] [7]
Package epstopdf Info: Source file: <./TM_eigenfunction.eps>
(epstopdf)                    date: 2016-11-08 11:32:42
(epstopdf)                    size: 46349 bytes
(epstopdf)             Output file: <./TM_eigenfunction-eps-converted-to.pdf>
(epstopdf)                    date: 2016-11-29 08:09:42
(epstopdf)                    size: 19649 bytes
(epstopdf)             Command: <repstopdf --outfile=./TM_eigenfunction-eps-con
verted-to.pdf ./TM_eigenfunction.eps>
(epstopdf)             \includegraphics on input line 256.
Package epstopdf Info: Output file is already uptodate.

<./TM_eigenfunction-eps-converted-to.pdf, id=309, 777.90625pt x 485.815pt>
File: ./TM_eigenfunction-eps-converted-to.pdf Graphic file (type pdf)

<use ./TM_eigenfunction-eps-converted-to.pdf>
Package pdftex.def Info: ./TM_eigenfunction-eps-converted-to.pdf used on input 
line 256.
(pdftex.def)             Requested size: 466.74734pt x 291.49124pt.
Package epstopdf Info: Source file: <contour_noshear.eps>
(epstopdf)                    date: 2016-11-14 11:27:08
(epstopdf)                    size: 577917 bytes
(epstopdf)             Output file: <contour_noshear-eps-converted-to.pdf>
(epstopdf)                    date: 2016-11-29 08:09:44
(epstopdf)                    size: 154836 bytes
(epstopdf)             Command: <repstopdf --outfile=contour_noshear-eps-conver
ted-to.pdf contour_noshear.eps>
(epstopdf)             \includegraphics on input line 266.
Package epstopdf Info: Output file is already uptodate.

<contour_noshear-eps-converted-to.pdf, id=310, 642.4pt x 513.92pt>
File: contour_noshear-eps-converted-to.pdf Graphic file (type pdf)

<use contour_noshear-eps-converted-to.pdf>
Package pdftex.def Info: contour_noshear-eps-converted-to.pdf used on input lin
e 266.
(pdftex.def)             Requested size: 153.93678pt x 123.14726pt.
Package epstopdf Info: Source file: <contour_midshear.eps>
(epstopdf)                    date: 2016-11-14 11:26:20
(epstopdf)                    size: 454615 bytes
(epstopdf)             Output file: <contour_midshear-eps-converted-to.pdf>
(epstopdf)                    date: 2016-11-29 08:09:44
(epstopdf)                    size: 155101 bytes
(epstopdf)             Command: <repstopdf --outfile=contour_midshear-eps-conve
rted-to.pdf contour_midshear.eps>
(epstopdf)             \includegraphics on input line 266.
Package epstopdf Info: Output file is already uptodate.

<contour_midshear-eps-converted-to.pdf, id=311, 642.4pt x 513.92pt>
File: contour_midshear-eps-converted-to.pdf Graphic file (type pdf)

<use contour_midshear-eps-converted-to.pdf>
Package pdftex.def Info: contour_midshear-eps-converted-to.pdf used on input li
ne 266.
(pdftex.def)             Requested size: 153.93678pt x 123.14726pt.
Package epstopdf Info: Source file: <contour_highshear.eps>
(epstopdf)                    date: 2016-11-14 11:26:34
(epstopdf)                    size: 412088 bytes
(epstopdf)             Output file: <contour_highshear-eps-converted-to.pdf>
(epstopdf)                    date: 2016-11-29 08:09:44
(epstopdf)                    size: 150229 bytes
(epstopdf)             Command: <repstopdf --outfile=contour_highshear-eps-conv
erted-to.pdf contour_highshear.eps>
(epstopdf)             \includegraphics on input line 266.
Package epstopdf Info: Output file is already uptodate.

<contour_highshear-eps-converted-to.pdf, id=312, 642.4pt x 513.92pt>
File: contour_highshear-eps-converted-to.pdf Graphic file (type pdf)

<use contour_highshear-eps-converted-to.pdf>
Package pdftex.def Info: contour_highshear-eps-converted-to.pdf used on input l
ine 266.
(pdftex.def)             Requested size: 153.93678pt x 123.14726pt.
 [8 <./TM_eigenfunction-eps-converted-to.pdf> <./contour_noshear-eps-converted-
to.pdf> <./contour_midshear-eps-converted-to.pdf> <./contour_highshear-eps-conv
erted-to.pdf>] (./cartoon.pdf_tex
<cartoon.pdf, id=347, page=1, 378.12453pt x 276.03584pt>
File: cartoon.pdf Graphic file (type pdf)

<use cartoon.pdf, page 1>
Package pdftex.def Info: cartoon.pdf, page1 used on input line 57.
(pdftex.def)             Requested size: 378.12453pt x 276.05621pt.

<cartoon.pdf, id=348, page=2, 378.12453pt x 276.03584pt>
File: cartoon.pdf Graphic file (type pdf)

<use cartoon.pdf, page 2>
Package pdftex.def Info: cartoon.pdf, page2 used on input line 59.
(pdftex.def)             Requested size: 378.12453pt x 276.05621pt.

<cartoon.pdf, id=349, page=3, 378.12453pt x 276.03584pt>
File: cartoon.pdf Graphic file (type pdf)

<use cartoon.pdf, page 3>
Package pdftex.def Info: cartoon.pdf, page3 used on input line 61.
(pdftex.def)             Requested size: 378.12453pt x 276.05621pt.

<cartoon.pdf, id=350, page=4, 378.12453pt x 276.03584pt>
File: cartoon.pdf Graphic file (type pdf)

<use cartoon.pdf, page 4>
Package pdftex.def Info: cartoon.pdf, page4 used on input line 67.
(pdftex.def)             Requested size: 378.12453pt x 276.05621pt.

<cartoon.pdf, id=351, page=5, 378.12453pt x 276.03584pt>
File: cartoon.pdf Graphic file (type pdf)

<use cartoon.pdf, page 5>
Package pdftex.def Info: cartoon.pdf, page5 used on input line 69.
(pdftex.def)             Requested size: 378.12453pt x 276.05621pt.

<cartoon.pdf, id=352, page=6, 378.12453pt x 276.03584pt>
File: cartoon.pdf Graphic file (type pdf)

<use cartoon.pdf, page 6>
Package pdftex.def Info: cartoon.pdf, page6 used on input line 71.
(pdftex.def)             Requested size: 378.12453pt x 276.05621pt.

<cartoon.pdf, id=353, page=7, 378.12453pt x 276.03584pt>
File: cartoon.pdf Graphic file (type pdf)

<use cartoon.pdf, page 7>
Package pdftex.def Info: cartoon.pdf, page7 used on input line 73.
(pdftex.def)             Requested size: 378.12453pt x 276.05621pt.

<cartoon.pdf, id=354, page=8, 378.12453pt x 276.03584pt>
File: cartoon.pdf Graphic file (type pdf)

<use cartoon.pdf, page 8>
Package pdftex.def Info: cartoon.pdf, page8 used on input line 75.
(pdftex.def)             Requested size: 378.12453pt x 276.05621pt.

<cartoon.pdf, id=355, page=9, 378.12453pt x 276.03584pt>
File: cartoon.pdf Graphic file (type pdf)

<use cartoon.pdf, page 9>
Package pdftex.def Info: cartoon.pdf, page9 used on input line 77.
(pdftex.def)             Requested size: 378.12453pt x 276.05621pt.

<cartoon.pdf, id=356, page=10, 378.12453pt x 276.03584pt>
File: cartoon.pdf Graphic file (type pdf)

<use cartoon.pdf, page 10>
Package pdftex.def Info: cartoon.pdf, page10 used on input line 79.
(pdftex.def)             Requested size: 378.12453pt x 276.05621pt.

<cartoon.pdf, id=357, page=11, 378.12453pt x 276.03584pt>
File: cartoon.pdf Graphic file (type pdf)

<use cartoon.pdf, page 11>
Package pdftex.def Info: cartoon.pdf, page11 used on input line 84.
(pdftex.def)             Requested size: 378.12453pt x 276.05621pt.
) [9 <./cartoon.pdf> <./cartoon.pdf

pdfTeX warning: /usr/bin/pdflatex (file ./cartoon.pdf): PDF inclusion: multiple
 pdfs with page group included in a single page
> <./cartoon.pdf

pdfTeX warning: /usr/bin/pdflatex (file ./cartoon.pdf): PDF inclusion: multiple
 pdfs with page group included in a single page
> <./cartoon.pdf

pdfTeX warning: /usr/bin/pdflatex (file ./cartoon.pdf): PDF inclusion: multiple
 pdfs with page group included in a single page
> <./cartoon.pdf

pdfTeX warning: /usr/bin/pdflatex (file ./cartoon.pdf): PDF inclusion: multiple
 pdfs with page group included in a single page
> <./cartoon.pdf

pdfTeX warning: /usr/bin/pdflatex (file ./cartoon.pdf): PDF inclusion: multiple
 pdfs with page group included in a single page
> <./cartoon.pdf

pdfTeX warning: /usr/bin/pdflatex (file ./cartoon.pdf): PDF inclusion: multiple
 pdfs with page group included in a single page
> <./cartoon.pdf

pdfTeX warning: /usr/bin/pdflatex (file ./cartoon.pdf): PDF inclusion: multiple
 pdfs with page group included in a single page
> <./cartoon.pdf

pdfTeX warning: /usr/bin/pdflatex (file ./cartoon.pdf): PDF inclusion: multiple
 pdfs with page group included in a single page
> <./cartoon.pdf

pdfTeX warning: /usr/bin/pdflatex (file ./cartoon.pdf): PDF inclusion: multiple
 pdfs with page group included in a single page
> <./cartoon.pdf

pdfTeX warning: /usr/bin/pdflatex (file ./cartoon.pdf): PDF inclusion: multiple
 pdfs with page group included in a single page
>]
Package epstopdf Info: Source file: <contour_saturated.eps>
(epstopdf)                    date: 2016-12-13 09:21:24
(epstopdf)                    size: 274589 bytes
(epstopdf)             Output file: <contour_saturated-eps-converted-to.pdf>
(epstopdf)                    date: 2016-12-13 09:22:40
(epstopdf)                    size: 89018 bytes
(epstopdf)             Command: <repstopdf --outfile=contour_saturated-eps-conv
erted-to.pdf contour_saturated.eps>
(epstopdf)             \includegraphics on input line 327.
Package epstopdf Info: Output file is already uptodate.
 <contour_saturated-eps-converted-to.pdf, id=383, 642.4pt x 513.92pt>
File: contour_saturated-eps-converted-to.pdf Graphic file (type pdf)

<use contour_saturated-eps-converted-to.pdf>
Package pdftex.def Info: contour_saturated-eps-converted-to.pdf used on input l
ine 327.
(pdftex.def)             Requested size: 513.9207pt x 411.13655pt.
Package epstopdf Info: Source file: <Ref_Response_1a.eps>
(epstopdf)                    date: 2017-07-21 15:17:56
(epstopdf)                    size: 334774 bytes
(epstopdf)             Output file: <Ref_Response_1a-eps-converted-to.pdf>
(epstopdf)                    date: 2017-07-21 15:37:19
(epstopdf)                    size: 106834 bytes
(epstopdf)             Command: <repstopdf --outfile=Ref_Response_1a-eps-conver
ted-to.pdf Ref_Response_1a.eps>
(epstopdf)             \includegraphics on input line 339.
Package epstopdf Info: Output file is already uptodate.

<Ref_Response_1a-eps-converted-to.pdf, id=399, 642.4pt x 513.92pt>
File: Ref_Response_1a-eps-converted-to.pdf Graphic file (type pdf)

<use Ref_Response_1a-eps-converted-to.pdf>
Package pdftex.def Info: Ref_Response_1a-eps-converted-to.pdf used on input lin
e 339.
(pdftex.def)             Requested size: 513.9207pt x 411.13655pt.
 [10] [11 <./contour_saturated-eps-converted-to.pdf>]
Package epstopdf Info: Source file: <trajectory.eps>
(epstopdf)                    date: 2016-12-13 09:32:50
(epstopdf)                    size: 49981 bytes
(epstopdf)             Output file: <trajectory-eps-converted-to.pdf>
(epstopdf)                    date: 2016-12-13 09:33:08
(epstopdf)                    size: 24546 bytes
(epstopdf)             Command: <repstopdf --outfile=trajectory-eps-converted-t
o.pdf trajectory.eps>
(epstopdf)             \includegraphics on input line 382.
Package epstopdf Info: Output file is already uptodate.

<trajectory-eps-converted-to.pdf, id=441, 1315.91624pt x 506.89375pt>
File: trajectory-eps-converted-to.pdf Graphic file (type pdf)

<use trajectory-eps-converted-to.pdf>
Package pdftex.def Info: trajectory-eps-converted-to.pdf used on input line 382
.
(pdftex.def)             Requested size: 592.15685pt x 228.10008pt.
Package epstopdf Info: Source file: <Ref_Response_1b.eps>
(epstopdf)                    date: 2017-07-21 15:00:18
(epstopdf)                    size: 50416 bytes
(epstopdf)             Output file: <Ref_Response_1b-eps-converted-to.pdf>
(epstopdf)                    date: 2017-07-21 15:01:57
(epstopdf)                    size: 24594 bytes
(epstopdf)             Command: <repstopdf --outfile=Ref_Response_1b-eps-conver
ted-to.pdf Ref_Response_1b.eps>
(epstopdf)             \includegraphics on input line 383.
Package epstopdf Info: Output file is already uptodate.

<Ref_Response_1b-eps-converted-to.pdf, id=442, 1315.91624pt x 506.89375pt>
File: Ref_Response_1b-eps-converted-to.pdf Graphic file (type pdf)

<use Ref_Response_1b-eps-converted-to.pdf>
Package pdftex.def Info: Ref_Response_1b-eps-converted-to.pdf used on input lin
e 383.
(pdftex.def)             Requested size: 592.15685pt x 228.10008pt.
 [12 <./Ref_Response_1a-eps-converted-to.pdf>] [13 <./trajectory-eps-converted-
to.pdf> <./Ref_Response_1b-eps-converted-to.pdf>] [14] (./ParkerLongcope2017.bb
l [15]) [16]
Package atveryend Info: Empty hook `AfterLastShipout' on input line 429.

(./ParkerLongcope2017.aux)
Package atveryend Info: Executing hook `AtVeryEndDocument' on input line 429.
Package atveryend Info: Empty hook `AtEndAfterFileList' on input line 429.
 ) 
Here is how much of TeX's memory you used:
 9718 strings out of 493029
 135074 string characters out of 6136233
 276583 words of memory out of 5000000
 12999 multiletter control sequences out of 15000+600000
 12977 words of font info for 51 fonts, out of 8000000 for 9000
 1141 hyphenation exceptions out of 8191
 36i,22n,37p,1872b,587s stack positions out of 5000i,500n,10000p,200000b,80000s
</usr/share/texlive/texmf-dist/fonts/type1/public/amsfonts/cm/cmbx10.pfb></us
r/share/texlive/texmf-dist/fonts/type1/public/amsfonts/cm/cmbx8.pfb></usr/share
/texlive/texmf-dist/fonts/type1/public/amsfonts/cm/cmcsc10.pfb></usr/share/texl
ive/texmf-dist/fonts/type1/public/amsfonts/cm/cmex10.pfb></usr/share/texlive/te
xmf-dist/fonts/type1/public/amsfonts/cm/cmmi10.pfb></usr/share/texlive/texmf-di
st/fonts/type1/public/amsfonts/cm/cmmi5.pfb></usr/share/texlive/texmf-dist/font
s/type1/public/amsfonts/cm/cmmi7.pfb></usr/share/texlive/texmf-dist/fonts/type1
/public/amsfonts/cm/cmmi9.pfb></usr/share/texlive/texmf-dist/fonts/type1/public
/amsfonts/cm/cmr10.pfb></usr/share/texlive/texmf-dist/fonts/type1/public/amsfon
ts/cm/cmr5.pfb></usr/share/texlive/texmf-dist/fonts/type1/public/amsfonts/cm/cm
r7.pfb></usr/share/texlive/texmf-dist/fonts/type1/public/amsfonts/cm/cmr8.pfb><
/usr/share/texlive/texmf-dist/fonts/type1/public/amsfonts/cm/cmr9.pfb></usr/sha
re/texlive/texmf-dist/fonts/type1/public/amsfonts/cm/cmsy10.pfb></usr/share/tex
live/texmf-dist/fonts/type1/public/amsfonts/cm/cmsy5.pfb></usr/share/texlive/te
xmf-dist/fonts/type1/public/amsfonts/cm/cmsy7.pfb></usr/share/texlive/texmf-dis
t/fonts/type1/public/amsfonts/cm/cmsy9.pfb></usr/share/texlive/texmf-dist/fonts
/type1/public/amsfonts/cm/cmti10.pfb>
Output written on ParkerLongcope2017.pdf (16 pages, 1047798 bytes).
PDF statistics:
 619 PDF objects out of 1000 (max. 8388607)
 539 compressed objects within 6 object streams
 119 named destinations out of 1000 (max. 500000)
 106 words of extra memory for PDF output out of 10000 (max. 10000000)

